[2025-11-11 10:44:09] Servidor iniciado na porta 5050
[2025-11-11 10:46:51] Cliente 1 conectado de /127.0.0.1:64874
[2025-11-11 10:46:51] TX[1]: W1
[2025-11-11 10:47:44] Cliente 2 conectado de /127.0.0.1:64897
[2025-11-11 10:47:44] TX[2]: W2
[2025-11-11 10:47:44] TX[1]: S1
[2025-11-11 10:47:44] TX[2]: S2
[2025-11-11 10:48:02] RX[2]: G
[2025-11-11 10:48:02] TX[2]: B{"G":0,"M":0,"R":0,"Ativa":0,"Ultimo":""}
[2025-11-11 10:48:14] RX[1]: J1M
[2025-11-11 10:49:15] TX[2]: X02|Tempo excedido para escolher classe
[2025-11-11 10:49:15] Falha na seleção de classes.
[2025-11-11 10:49:15] TX[1]: S1
[2025-11-11 10:49:15] TX[2]: S2
[2025-11-11 10:50:15] TX[1]: X02|Tempo excedido para escolher classe
[2025-11-11 10:50:20] RX[2]: G
[2025-11-11 10:50:20] TX[2]: B{"G":0,"M":0,"R":0,"Ativa":0,"Ultimo":""}
[2025-11-11 10:50:35] RX[2]: G
[2025-11-11 10:50:35] TX[2]: B{"G":0,"M":0,"R":0,"Ativa":0,"Ultimo":""}
[2025-11-11 10:51:00] RX[2]: G
[2025-11-11 10:51:00] TX[2]: B{"G":0,"M":0,"R":0,"Ativa":0,"Ultimo":""}
[2025-11-11 10:51:12] RX[1]: J1M
[2025-11-11 10:51:15] TX[2]: X02|Tempo excedido para escolher classe
[2025-11-11 10:51:15] Falha na seleção de classes.
[2025-11-11 10:51:15] TX[1]: S1
[2025-11-11 10:51:15] TX[2]: S2
[2025-11-11 10:51:21] RX[1]: J1M
[2025-11-11 10:51:27] RX[2]: J2R
[2025-11-11 10:51:27] TX[1]: T1
[2025-11-11 10:51:27] TX[2]: T1
[2025-11-11 10:51:27] TX[1]: X10|Ação inválida
[2025-11-11 10:51:37] RX[2]: M12A
[2025-11-11 10:51:37] TX[1]: R1|H1:94/50|H2:100/50|C1:0/0|C2:0/0|L:P1 D, P2 A10, dano final 6 e 0
[2025-11-11 10:51:37] TX[2]: R1|H1:94/50|H2:100/50|C1:0/0|C2:0/0|L:P1 D, P2 A10, dano final 6 e 0
[2025-11-11 10:51:37] TX[1]: T2
[2025-11-11 10:51:37] TX[2]: T2
[2025-11-11 10:51:49] RX[1]: M21H0
[2025-11-11 10:51:59] RX[2]: M22S0
[2025-11-11 10:51:59] TX[1]: R2|H1:96/38|H2:100/40|C1:0/2|C2:2/0|L:P1 H18, P2 S16, dano final 16 e 0
[2025-11-11 10:51:59] TX[2]: R2|H1:96/38|H2:100/40|C1:0/2|C2:2/0|L:P1 H18, P2 S16, dano final 16 e 0
[2025-11-11 10:51:59] TX[1]: T1
[2025-11-11 10:51:59] TX[2]: T1
[2025-11-11 10:52:06] RX[1]: M11S0
[2025-11-11 10:52:26] Timeout do jogador 2, defesa aplicada.
[2025-11-11 10:52:26] TX[1]: R1|H1:96/23|H2:79/40|C1:2/1|C2:1/0|L:P1 S30, P2 D, dano final 0 e 21
[2025-11-11 10:52:26] TX[2]: R1|H1:96/23|H2:79/40|C1:2/1|C2:1/0|L:P1 S30, P2 D, dano final 0 e 21
[2025-11-11 10:52:26] TX[1]: T2
[2025-11-11 10:52:26] TX[2]: T2
[2025-11-11 10:52:26] RX[2]: M22D
[2025-11-11 10:52:46] Timeout do jogador 1, defesa aplicada.
[2025-11-11 10:52:46] TX[1]: R2|H1:96/23|H2:79/40|C1:1/0|C2:0/0|L:P1 D, P2 D, dano final 0 e 0
[2025-11-11 10:52:46] TX[2]: R2|H1:96/23|H2:79/40|C1:1/0|C2:0/0|L:P1 D, P2 D, dano final 0 e 0
[2025-11-11 10:52:46] TX[1]: T1
[2025-11-11 10:52:46] TX[2]: T1
[2025-11-11 10:52:56] RX[1]: M11A
[2025-11-11 10:53:12] RX[2]: M12A
[2025-11-11 10:53:12] TX[1]: R1|H1:86/23|H2:71/40|C1:0/0|C2:0/0|L:P1 A8, P2 A10, dano final 10 e 8
[2025-11-11 10:53:12] TX[2]: R1|H1:86/23|H2:71/40|C1:0/0|C2:0/0|L:P1 A8, P2 A10, dano final 10 e 8
[2025-11-11 10:53:12] TX[1]: T2
[2025-11-11 10:53:12] TX[2]: T2
[2025-11-11 10:53:21] RX[2]: M22A
[2025-11-11 10:53:30] RX[1]: M21A
[2025-11-11 10:53:30] TX[1]: R2|H1:76/23|H2:63/40|C1:0/0|C2:0/0|L:P1 A8, P2 A10, dano final 10 e 8
[2025-11-11 10:53:30] TX[2]: R2|H1:76/23|H2:63/40|C1:0/0|C2:0/0|L:P1 A8, P2 A10, dano final 10 e 8
[2025-11-11 10:53:30] TX[1]: T1
[2025-11-11 10:53:30] TX[2]: T1
[2025-11-11 10:53:37] RX[1]: M11S0
[2025-11-11 10:53:42] RX[2]: M12A
[2025-11-11 10:53:42] TX[1]: R1|H1:66/8|H2:33/40|C1:2/0|C2:0/0|L:P1 S30, P2 A10, dano final 10 e 30
[2025-11-11 10:53:42] TX[2]: R1|H1:66/8|H2:33/40|C1:2/0|C2:0/0|L:P1 S30, P2 A10, dano final 10 e 30
[2025-11-11 10:53:42] TX[1]: T2
[2025-11-11 10:53:42] TX[2]: T2
[2025-11-11 10:54:02] Timeout do jogador 1, defesa aplicada.
[2025-11-11 10:54:11] Cliente 1 desconectado: Connection reset
[2025-11-11 10:54:14] Cliente 2 desconectado: Connection reset
[2025-11-11 10:54:14] Jogador 2 solicitou saída
[2025-11-11 10:54:14] Um cliente desconectou antes de iniciar a partida.
[2025-11-11 10:59:21] Servidor iniciado na porta 5050
[2025-11-11 11:00:19] Cliente 1 conectado de /127.0.0.1:65106
[2025-11-11 11:00:19] TX[1]: W1
[2025-11-11 11:00:29] Cliente 2 conectado de /127.0.0.1:65107
[2025-11-11 11:00:29] TX[1]: S1
[2025-11-11 11:00:29] TX[2]: W2
[2025-11-11 11:00:29] TX[2]: S2
[2025-11-11 11:00:39] RX[2]: G
[2025-11-11 11:00:39] TX[2]: B{"G":0,"M":0,"R":0,"Ativa":0,"Ultimo":"P1 S30, P2 A10, dano final 10 e 30"}
[2025-11-11 11:00:43] RX[1]: J1M
[2025-11-11 11:00:54] RX[2]: G
[2025-11-11 11:00:54] TX[2]: B{"G":0,"M":0,"R":0,"Ativa":0,"Ultimo":"P1 S30, P2 A10, dano final 10 e 30"}
[2025-11-11 11:01:22] RX[2]: J2M
[2025-11-11 11:01:22] TX[1]: T1
[2025-11-11 11:01:22] TX[2]: T1
[2025-11-11 11:01:27] RX[2]: M12A
[2025-11-11 11:01:36] RX[1]: M11A
[2025-11-11 11:01:36] TX[1]: R1|H1:92/50|H2:92/50|C1:0/0|C2:0/0|L:P1 A8, P2 A8, dano final 8 e 8
[2025-11-11 11:01:36] TX[2]: R1|H1:92/50|H2:92/50|C1:0/0|C2:0/0|L:P1 A8, P2 A8, dano final 8 e 8
[2025-11-11 11:01:36] TX[1]: T2
[2025-11-11 11:01:36] TX[2]: T2
[2025-11-11 11:01:56] Timeout do jogador 1, defesa aplicada.
[2025-11-11 11:02:16] Timeout do jogador 2, defesa aplicada.
[2025-11-11 11:02:16] TX[1]: R2|H1:92/50|H2:92/50|C1:0/0|C2:0/0|L:P1 D, P2 D, dano final 0 e 0
[2025-11-11 11:02:16] TX[2]: R2|H1:92/50|H2:92/50|C1:0/0|C2:0/0|L:P1 D, P2 D, dano final 0 e 0
[2025-11-11 11:02:16] TX[1]: T1
[2025-11-11 11:02:16] TX[2]: T1
[2025-11-11 11:02:36] Timeout do jogador 1, defesa aplicada.
[2025-11-11 11:02:37] Cliente 1 desconectado: Connection reset
[2025-11-11 11:02:56] Timeout do jogador 2, defesa aplicada.
[2025-11-11 11:02:56] TX[2]: R1|H1:92/50|H2:92/50|C1:0/0|C2:0/0|L:P1 D, P2 D, dano final 0 e 0
[2025-11-11 11:02:56] TX[2]: E2|reason:Jogador 1 desconectou
[2025-11-11 11:02:56] Um cliente desconectou antes de iniciar a partida.
[2025-11-11 11:06:07] Servidor iniciado na porta 5050
[2025-11-11 11:07:18] Servidor iniciado na porta 5050
[2025-11-11 11:07:28] Cliente 1 conectado de /127.0.0.1:65248
[2025-11-11 11:07:28] TX[1]: W1
[2025-11-11 11:07:45] Cliente 2 conectado de /127.0.0.1:65253
[2025-11-11 11:07:45] TX[1]: S1
[2025-11-11 11:07:45] TX[2]: W2
[2025-11-11 11:08:45] TX[1]: X02|Tempo excedido para escolher classe
[2025-11-11 11:09:45] TX[2]: X02|Tempo excedido para escolher classe
[2025-11-11 11:09:45] Falha na seleção de classes.
[2025-11-11 11:09:45] TX[1]: S1
[2025-11-11 11:09:45] TX[2]: S2
[2025-11-11 11:10:45] TX[1]: X02|Tempo excedido para escolher classe
[2025-11-11 11:11:45] TX[2]: X02|Tempo excedido para escolher classe
[2025-11-11 11:11:45] Falha na seleção de classes.
[2025-11-11 11:11:45] TX[1]: S1
[2025-11-11 11:11:45] TX[2]: S2
[2025-11-11 11:12:45] TX[1]: X02|Tempo excedido para escolher classe
[2025-11-11 11:13:20] RX[1]: J1M
[2025-11-11 11:13:23] RX[2]: J2R
[2025-11-11 11:13:23] Falha na seleção de classes.
[2025-11-11 11:13:23] TX[1]: S1
[2025-11-11 11:13:23] TX[2]: S2
[2025-11-11 11:13:41] RX[1]: J1M
[2025-11-11 11:13:43] RX[2]: J2R
[2025-11-11 11:13:43] TX[1]: T1
[2025-11-11 11:13:43] TX[2]: T1
[2025-11-11 11:13:43] TX[1]: X10|Ação inválida
[2025-11-11 11:14:03] Timeout do jogador 2, defesa aplicada.
[2025-11-11 11:14:03] TX[1]: R1|H1:100/50|H2:100/50|C1:0/0|C2:0/0|L:P1 D, P2 D, dano final 0 e 0
[2025-11-11 11:14:03] TX[2]: R1|H1:100/50|H2:100/50|C1:0/0|C2:0/0|L:P1 D, P2 D, dano final 0 e 0
[2025-11-11 11:14:03] TX[1]: T2
[2025-11-11 11:14:03] TX[2]: T2
[2025-11-11 11:14:23] Timeout do jogador 1, defesa aplicada.
[2025-11-11 11:14:43] Timeout do jogador 2, defesa aplicada.
[2025-11-11 11:14:43] TX[1]: R2|H1:100/50|H2:100/50|C1:0/0|C2:0/0|L:P1 D, P2 D, dano final 0 e 0
[2025-11-11 11:14:43] TX[2]: R2|H1:100/50|H2:100/50|C1:0/0|C2:0/0|L:P1 D, P2 D, dano final 0 e 0
[2025-11-11 11:14:43] TX[1]: T1
[2025-11-11 11:14:43] TX[2]: T1
[2025-11-11 11:15:03] Timeout do jogador 1, defesa aplicada.
[2025-11-11 11:15:20] RX[1]: M11A
[2025-11-11 11:15:21] RX[2]: M12A
[2025-11-11 11:15:21] TX[1]: R1|H1:94/50|H2:100/50|C1:0/0|C2:0/0|L:P1 D, P2 A10, dano final 6 e 0
[2025-11-11 11:15:21] TX[2]: R1|H1:94/50|H2:100/50|C1:0/0|C2:0/0|L:P1 D, P2 A10, dano final 6 e 0
[2025-11-11 11:15:21] TX[1]: T2
[2025-11-11 11:15:21] TX[2]: T2
[2025-11-11 11:15:21] TX[1]: X10|Ação inválida
[2025-11-11 11:15:27] RX[2]: M22A
[2025-11-11 11:15:27] TX[1]: R2|H1:88/50|H2:100/50|C1:0/0|C2:0/0|L:P1 D, P2 A10, dano final 6 e 0
[2025-11-11 11:15:27] TX[2]: R2|H1:88/50|H2:100/50|C1:0/0|C2:0/0|L:P1 D, P2 A10, dano final 6 e 0
[2025-11-11 11:15:27] TX[1]: T1
[2025-11-11 11:15:27] TX[2]: T1
[2025-11-11 11:15:30] RX[1]: M11A
[2025-11-11 11:15:32] RX[2]: M12A
[2025-11-11 11:15:32] TX[1]: R1|H1:78/50|H2:92/50|C1:0/0|C2:0/0|L:P1 A8, P2 A10, dano final 10 e 8
[2025-11-11 11:15:32] TX[2]: R1|H1:78/50|H2:92/50|C1:0/0|C2:0/0|L:P1 A8, P2 A10, dano final 10 e 8
[2025-11-11 11:15:32] TX[1]: T2
[2025-11-11 11:15:32] TX[2]: T2
[2025-11-11 11:15:34] RX[2]: M22A
[2025-11-11 11:15:38] RX[1]: M21A
[2025-11-11 11:15:38] TX[1]: R2|H1:68/50|H2:84/50|C1:0/0|C2:0/0|L:P1 A8, P2 A10, dano final 10 e 8
[2025-11-11 11:15:38] TX[2]: R2|H1:68/50|H2:84/50|C1:0/0|C2:0/0|L:P1 A8, P2 A10, dano final 10 e 8
[2025-11-11 11:15:38] TX[1]: T1
[2025-11-11 11:15:38] TX[2]: T1
[2025-11-11 11:15:39] RX[1]: M11A
[2025-11-11 11:15:41] RX[2]: M12A
[2025-11-11 11:15:41] TX[1]: R1|H1:58/50|H2:76/50|C1:0/0|C2:0/0|L:P1 A8, P2 A10, dano final 10 e 8
[2025-11-11 11:15:41] TX[2]: R1|H1:58/50|H2:76/50|C1:0/0|C2:0/0|L:P1 A8, P2 A10, dano final 10 e 8
[2025-11-11 11:15:41] TX[1]: T2
[2025-11-11 11:15:41] TX[2]: T2
[2025-11-11 11:15:43] RX[2]: M22A
[2025-11-11 11:15:48] RX[1]: G
[2025-11-11 11:15:48] TX[1]: B{"G":0,"M":1,"R":0,"Ativa":1,"Ultimo":"P1 A8, P2 A10, dano final 10 e 8"}
[2025-11-11 11:15:53] RX[2]: G
[2025-11-11 11:15:53] TX[2]: B{"G":0,"M":1,"R":0,"Ativa":1,"Ultimo":"P1 A8, P2 A10, dano final 10 e 8"}
[2025-11-11 11:15:59] RX[2]: Q2
[2025-11-11 11:16:01] Timeout do jogador 1, defesa aplicada.
[2025-11-11 11:16:01] TX[1]: R2|H1:52/50|H2:76/50|C1:0/0|C2:0/0|L:P1 D, P2 A10, dano final 6 e 0
[2025-11-11 11:16:01] TX[2]: R2|H1:52/50|H2:76/50|C1:0/0|C2:0/0|L:P1 D, P2 A10, dano final 6 e 0
[2025-11-11 11:16:01] TX[1]: E1|reason:Jogador 2 desconectou
[2025-11-11 11:16:01] Um cliente desconectou antes de iniciar a partida.
[2025-11-11 12:01:24] Servidor iniciado na porta 5050
[2025-11-11 12:01:40] Cliente 1 conectado de /127.0.0.1:49998
[2025-11-11 12:01:40] TX[1]: W1
[2025-11-11 12:01:52] Cliente 2 conectado de /127.0.0.1:50062
[2025-11-11 12:01:52] TX[1]: S1
[2025-11-11 12:01:52] TX[2]: W2
[2025-11-11 12:02:02] RX[1]: J1G
[2025-11-11 12:03:02] TX[2]: X02|Tempo excedido para escolher classe
[2025-11-11 12:03:02] Falha na seleção de classes.
[2025-11-11 12:03:02] TX[1]: S1
[2025-11-11 12:03:03] TX[2]: S2
[2025-11-11 12:04:03] TX[1]: X02|Tempo excedido para escolher classe
[2025-11-11 12:04:11] RX[2]: J2M
[2025-11-11 12:04:11] Falha na seleção de classes.
[2025-11-11 12:04:11] TX[1]: S1
[2025-11-11 12:04:11] TX[2]: S2
[2025-11-11 12:04:17] RX[1]: J1G
[2025-11-11 12:04:21] RX[2]: J2M
[2025-11-11 12:04:21] TX[1]: T1
[2025-11-11 12:04:21] TX[2]: T1
[2025-11-11 12:04:41] Timeout do jogador 1, defesa aplicada.
[2025-11-11 12:05:01] Timeout do jogador 2, defesa aplicada.
[2025-11-11 12:05:01] TX[1]: R1|H1:100/50|H2:100/50|C1:0/0|C2:0/0|L:P1 D, P2 D, dano final 0 e 0
[2025-11-11 12:05:01] TX[2]: R1|H1:100/50|H2:100/50|C1:0/0|C2:0/0|L:P1 D, P2 D, dano final 0 e 0
[2025-11-11 12:05:02] TX[1]: T2
[2025-11-11 12:05:02] TX[2]: T2
[2025-11-11 12:05:22] Timeout do jogador 1, defesa aplicada.
[2025-11-11 12:05:42] Timeout do jogador 2, defesa aplicada.
[2025-11-11 12:05:42] TX[1]: R2|H1:100/50|H2:100/50|C1:0/0|C2:0/0|L:P1 D, P2 D, dano final 0 e 0
[2025-11-11 12:05:42] TX[2]: R2|H1:100/50|H2:100/50|C1:0/0|C2:0/0|L:P1 D, P2 D, dano final 0 e 0
[2025-11-11 12:05:42] TX[1]: T1
[2025-11-11 12:05:42] TX[2]: T1
[2025-11-11 12:06:02] Timeout do jogador 1, defesa aplicada.
[2025-11-11 12:06:22] Timeout do jogador 2, defesa aplicada.
[2025-11-11 12:06:22] TX[1]: R1|H1:100/50|H2:100/50|C1:0/0|C2:0/0|L:P1 D, P2 D, dano final 0 e 0
[2025-11-11 12:06:22] TX[2]: R1|H1:100/50|H2:100/50|C1:0/0|C2:0/0|L:P1 D, P2 D, dano final 0 e 0
[2025-11-11 12:06:22] TX[1]: T2
[2025-11-11 12:06:22] TX[2]: T2
[2025-11-11 12:06:24] RX[1]: Q1
[2025-11-11 12:06:24] Jogador 1 solicitou saída
[2025-11-11 12:06:24] Cliente 1 desconectado: Socket closed
[2025-11-11 12:06:26] RX[2]: Q2
[2025-11-11 12:06:26] Jogador 2 solicitou saída
[2025-11-11 12:06:26] Cliente 2 desconectado: Socket closed
[2025-11-11 12:06:26] Um cliente desconectou antes de iniciar a partida.
[2025-11-11 12:06:37] Servidor iniciado na porta 5050
[2025-11-11 12:06:51] Cliente 1 conectado de /127.0.0.1:50142
[2025-11-11 12:06:51] TX[1]: W1
[2025-11-11 12:07:03] Cliente 2 conectado de /127.0.0.1:50145
[2025-11-11 12:07:03] TX[1]: S1
[2025-11-11 12:07:03] TX[2]: W2
[2025-11-11 12:07:10] RX[1]: J1G
[2025-11-11 12:08:10] TX[2]: X02|Tempo excedido para escolher classe
[2025-11-11 12:08:10] Falha na seleção de classes.
[2025-11-11 12:08:10] TX[1]: S1
[2025-11-11 12:08:10] TX[2]: S2
[2025-11-11 12:08:15] RX[2]: J2R
[2025-11-11 12:08:18] RX[1]: J1G
[2025-11-11 12:08:18] TX[1]: T1
[2025-11-11 12:08:18] TX[2]: T1
[2025-11-11 12:08:20] RX[1]: M11A
[2025-11-11 12:08:22] RX[2]: M12A
[2025-11-11 12:08:22] TX[1]: R1|H1:90/50|H2:88/50|C1:0/0|C2:0/0|L:P1 A12, P2 A10, dano final 10 e 12
[2025-11-11 12:08:22] TX[2]: R1|H1:90/50|H2:88/50|C1:0/0|C2:0/0|L:P1 A12, P2 A10, dano final 10 e 12
[2025-11-11 12:08:22] TX[1]: T2
[2025-11-11 12:08:22] TX[2]: T2
[2025-11-11 12:08:24] RX[1]: M21S0
[2025-11-11 12:08:26] RX[2]: M22D
[2025-11-11 12:08:26] TX[1]: R2|H1:90/40|H2:70/50|C1:2/0|C2:0/0|L:P1 S25, P2 D, dano final 0 e 18
[2025-11-11 12:08:26] TX[2]: R2|H1:90/40|H2:70/50|C1:2/0|C2:0/0|L:P1 S25, P2 D, dano final 0 e 18
[2025-11-11 12:08:26] TX[1]: T1
[2025-11-11 12:08:26] TX[2]: T1
[2025-11-11 12:08:30] RX[1]: M11S0
[2025-11-11 12:08:32] RX[2]: M12A
[2025-11-11 12:08:32] TX[1]: R1|H1:80/40|H2:58/50|C1:1/0|C2:0/0|L:P1 A12, P2 A10, dano final 10 e 12
[2025-11-11 12:08:32] TX[2]: R1|H1:80/40|H2:58/50|C1:1/0|C2:0/0|L:P1 A12, P2 A10, dano final 10 e 12
[2025-11-11 12:08:32] TX[1]: T2
[2025-11-11 12:08:32] TX[2]: T2
[2025-11-11 12:08:35] RX[2]: M22A
[2025-11-11 12:08:40] RX[1]: M21A
[2025-11-11 12:08:40] TX[1]: R2|H1:70/40|H2:46/50|C1:0/0|C2:0/0|L:P1 A12, P2 A10, dano final 10 e 12
[2025-11-11 12:08:40] TX[2]: R2|H1:70/40|H2:46/50|C1:0/0|C2:0/0|L:P1 A12, P2 A10, dano final 10 e 12
[2025-11-11 12:08:40] TX[1]: T1
[2025-11-11 12:08:40] TX[2]: T1
[2025-11-11 12:08:42] RX[1]: M11A
[2025-11-11 12:08:46] RX[2]: M12S0
[2025-11-11 12:08:46] TX[1]: R1|H1:54/40|H2:34/40|C1:0/0|C2:2/0|L:P1 A12, P2 S16, dano final 16 e 12
[2025-11-11 12:08:46] TX[2]: R1|H1:54/40|H2:34/40|C1:0/0|C2:2/0|L:P1 A12, P2 S16, dano final 16 e 12
[2025-11-11 12:08:46] TX[1]: T2
[2025-11-11 12:08:46] TX[2]: T2
[2025-11-11 12:08:48] RX[2]: M22S0
[2025-11-11 12:08:52] RX[1]: M21S0
[2025-11-11 12:08:52] TX[1]: R2|H1:44/30|H2:9/40|C1:2/0|C2:1/0|L:P1 S25, P2 A10, dano final 10 e 25
[2025-11-11 12:08:52] TX[2]: R2|H1:44/30|H2:9/40|C1:2/0|C2:1/0|L:P1 S25, P2 A10, dano final 10 e 25
[2025-11-11 12:08:52] TX[1]: T1
[2025-11-11 12:08:52] TX[2]: T1
[2025-11-11 12:08:55] RX[2]: M12A
[2025-11-11 12:08:57] RX[1]: M11A
[2025-11-11 12:08:57] TX[1]: R1|H1:34/30|H2:0/40|C1:1/0|C2:0/0|L:P1 A12, P2 A10, dano final 10 e 12
[2025-11-11 12:08:57] TX[2]: R1|H1:34/30|H2:0/40|C1:1/0|C2:0/0|L:P1 A12, P2 A10, dano final 10 e 12
[2025-11-11 12:08:57] TX[1]: E1|reason:Jogador 2 caiu
[2025-11-11 12:08:57] TX[2]: E1|reason:Jogador 2 caiu
[2025-11-11 12:08:57] TX[1]: S1
[2025-11-11 12:08:57] TX[2]: S2
[2025-11-11 12:09:05] RX[2]: Q2
[2025-11-11 12:09:07] RX[1]: Q1
[2025-11-11 12:09:07] TX[1]: X03|Formato de classe inválido
[2025-11-11 12:09:07] TX[2]: X03|Formato de classe inválido
[2025-11-11 12:09:07] Falha na seleção de classes.
[2025-11-11 12:09:07] Um cliente desconectou antes de iniciar a partida.
[2025-11-11 12:09:07] Cliente 2 desconectado: Socket closed
[2025-11-11 12:35:27] Servidor iniciado na porta 5050
[2025-11-11 12:35:42] Cliente 1 conectado de /127.0.0.1:63227
[2025-11-11 12:35:42] TX[1]: W1
[2025-11-11 12:35:50] Cliente 2 conectado de /127.0.0.1:63229
[2025-11-11 12:35:50] TX[1]: S1
[2025-11-11 12:35:50] TX[2]: W2
[2025-11-11 12:36:00] RX[1]: J1G
[2025-11-11 12:36:00] TX[1]: C1G
[2025-11-11 12:36:00] TX[2]: C1G
[2025-11-11 12:37:00] TX[2]: X02|Tempo excedido para escolher classe
[2025-11-11 12:37:00] Falha na seleção de classes.
[2025-11-11 12:37:00] TX[1]: S1
[2025-11-11 12:37:00] TX[2]: S2
[2025-11-11 12:38:00] TX[1]: X02|Tempo excedido para escolher classe
[2025-11-11 12:39:00] TX[2]: X02|Tempo excedido para escolher classe
[2025-11-11 12:39:00] Falha na seleção de classes.
[2025-11-11 12:39:00] TX[1]: S1
[2025-11-11 12:39:00] TX[2]: S2
[2025-11-11 12:40:00] TX[1]: X02|Tempo excedido para escolher classe
[2025-11-11 12:41:00] TX[2]: X02|Tempo excedido para escolher classe
[2025-11-11 12:41:00] Falha na seleção de classes.
[2025-11-11 12:41:00] TX[1]: S1
[2025-11-11 12:41:00] TX[2]: S2
[2025-11-11 12:42:00] TX[1]: X02|Tempo excedido para escolher classe
[2025-11-11 12:42:25] RX[2]: Q2
[2025-11-11 12:42:25] TX[2]: X03|Formato de classe inválido
[2025-11-11 12:42:25] Falha na seleção de classes.
[2025-11-11 12:42:25] Um cliente desconectou antes de iniciar a partida.
[2025-11-11 12:42:58] Servidor iniciado na porta 5050
[2025-11-11 12:45:28] Servidor iniciado na porta 5050
[2025-11-11 12:45:42] Cliente 1 conectado de /127.0.0.1:63465
[2025-11-11 12:45:42] TX[1]: W1
[2025-11-11 12:46:02] Cliente 2 conectado de /127.0.0.1:63468
[2025-11-11 12:46:02] TX[1]: S1
[2025-11-11 12:46:02] TX[2]: W2
[2025-11-11 12:46:07] RX[1]: J1G
[2025-11-11 12:46:07] TX[1]: C1G
[2025-11-11 12:46:07] TX[2]: C1G
[2025-11-11 12:46:45] RX[2]: G
[2025-11-11 12:46:45] TX[2]: B{"G":1,"M":3,"R":0,"Ativa":0,"Ultimo":"P1 A12, P2 A10, dano final 10 e 12"}
[2025-11-11 12:46:51] RX[1]: G
[2025-11-11 12:46:51] TX[1]: B{"G":1,"M":3,"R":0,"Ativa":0,"Ultimo":"P1 A12, P2 A10, dano final 10 e 12"}
[2025-11-11 12:47:07] TX[2]: X02|Tempo excedido para escolher classe
[2025-11-11 12:47:07] Falha na seleção de classes.
[2025-11-11 12:47:07] TX[1]: S1
[2025-11-11 12:47:07] TX[2]: S2
[2025-11-11 12:47:11] RX[2]: J2M
[2025-11-11 12:47:14] RX[1]: J1R
[2025-11-11 12:47:14] TX[1]: C1R
[2025-11-11 12:47:14] TX[2]: C1R
[2025-11-11 12:47:14] TX[1]: C2M
[2025-11-11 12:47:14] TX[2]: C2M
[2025-11-11 12:47:14] TX[1]: T1
[2025-11-11 12:47:14] TX[2]: T1
[2025-11-11 12:47:34] Timeout do jogador 1, defesa aplicada.
[2025-11-11 12:47:54] Timeout do jogador 2, defesa aplicada.
[2025-11-11 12:47:54] TX[1]: R1|H1:100/50|H2:100/50|C1:0/0|C2:0/0|L:P1 D, P2 D, dano final 0 e 0
[2025-11-11 12:47:54] TX[2]: R1|H1:100/50|H2:100/50|C1:0/0|C2:0/0|L:P1 D, P2 D, dano final 0 e 0
[2025-11-11 12:47:54] TX[1]: T2
[2025-11-11 12:47:54] TX[2]: T2
[2025-11-11 12:48:14] Timeout do jogador 1, defesa aplicada.
[2025-11-11 12:48:34] Timeout do jogador 2, defesa aplicada.
[2025-11-11 12:48:34] TX[1]: R2|H1:100/50|H2:100/50|C1:0/0|C2:0/0|L:P1 D, P2 D, dano final 0 e 0
[2025-11-11 12:48:34] TX[2]: R2|H1:100/50|H2:100/50|C1:0/0|C2:0/0|L:P1 D, P2 D, dano final 0 e 0
[2025-11-11 12:48:34] TX[1]: T1
[2025-11-11 12:48:34] TX[2]: T1
[2025-11-11 12:48:54] Timeout do jogador 1, defesa aplicada.
[2025-11-11 12:49:14] Timeout do jogador 2, defesa aplicada.
[2025-11-11 12:49:14] TX[1]: R1|H1:100/50|H2:100/50|C1:0/0|C2:0/0|L:P1 D, P2 D, dano final 0 e 0
[2025-11-11 12:49:14] TX[2]: R1|H1:100/50|H2:100/50|C1:0/0|C2:0/0|L:P1 D, P2 D, dano final 0 e 0
[2025-11-11 12:49:14] TX[1]: T2
[2025-11-11 12:49:14] TX[2]: T2
[2025-11-11 12:49:34] Timeout do jogador 1, defesa aplicada.
[2025-11-11 12:49:54] Timeout do jogador 2, defesa aplicada.
[2025-11-11 12:49:54] TX[1]: R2|H1:100/50|H2:100/50|C1:0/0|C2:0/0|L:P1 D, P2 D, dano final 0 e 0
[2025-11-11 12:49:54] TX[2]: R2|H1:100/50|H2:100/50|C1:0/0|C2:0/0|L:P1 D, P2 D, dano final 0 e 0
[2025-11-11 12:49:54] TX[1]: T1
[2025-11-11 12:49:54] TX[2]: T1
[2025-11-11 12:50:14] Timeout do jogador 1, defesa aplicada.
[2025-11-11 12:50:34] Timeout do jogador 2, defesa aplicada.
[2025-11-11 12:50:34] TX[1]: R1|H1:100/50|H2:100/50|C1:0/0|C2:0/0|L:P1 D, P2 D, dano final 0 e 0
[2025-11-11 12:50:34] TX[2]: R1|H1:100/50|H2:100/50|C1:0/0|C2:0/0|L:P1 D, P2 D, dano final 0 e 0
[2025-11-11 12:50:34] TX[1]: T2
[2025-11-11 12:50:34] TX[2]: T2
[2025-11-11 12:50:54] Timeout do jogador 1, defesa aplicada.
[2025-11-11 12:51:14] Timeout do jogador 2, defesa aplicada.
[2025-11-11 12:51:14] TX[1]: R2|H1:100/50|H2:100/50|C1:0/0|C2:0/0|L:P1 D, P2 D, dano final 0 e 0
[2025-11-11 12:51:14] TX[2]: R2|H1:100/50|H2:100/50|C1:0/0|C2:0/0|L:P1 D, P2 D, dano final 0 e 0
[2025-11-11 12:51:14] TX[1]: T1
[2025-11-11 12:51:14] TX[2]: T1
[2025-11-11 12:51:34] Timeout do jogador 1, defesa aplicada.
[2025-11-11 12:51:54] Timeout do jogador 2, defesa aplicada.
[2025-11-11 12:51:54] TX[1]: R1|H1:100/50|H2:100/50|C1:0/0|C2:0/0|L:P1 D, P2 D, dano final 0 e 0
[2025-11-11 12:51:54] TX[2]: R1|H1:100/50|H2:100/50|C1:0/0|C2:0/0|L:P1 D, P2 D, dano final 0 e 0
[2025-11-11 12:51:54] TX[1]: T2
[2025-11-11 12:51:54] TX[2]: T2
[2025-11-11 12:52:14] Timeout do jogador 1, defesa aplicada.
[2025-11-11 12:52:35] Timeout do jogador 2, defesa aplicada.
[2025-11-11 12:52:35] TX[1]: R2|H1:100/50|H2:100/50|C1:0/0|C2:0/0|L:P1 D, P2 D, dano final 0 e 0
[2025-11-11 12:52:35] TX[2]: R2|H1:100/50|H2:100/50|C1:0/0|C2:0/0|L:P1 D, P2 D, dano final 0 e 0
[2025-11-11 12:52:35] TX[1]: T1
[2025-11-11 12:52:35] TX[2]: T1
[2025-11-11 12:52:55] Timeout do jogador 1, defesa aplicada.
[2025-11-11 12:53:15] Timeout do jogador 2, defesa aplicada.
[2025-11-11 12:53:15] TX[1]: R1|H1:100/50|H2:100/50|C1:0/0|C2:0/0|L:P1 D, P2 D, dano final 0 e 0
[2025-11-11 12:53:15] TX[2]: R1|H1:100/50|H2:100/50|C1:0/0|C2:0/0|L:P1 D, P2 D, dano final 0 e 0
[2025-11-11 12:53:15] TX[1]: T2
[2025-11-11 12:53:15] TX[2]: T2
[2025-11-11 12:53:35] Timeout do jogador 1, defesa aplicada.
[2025-11-11 12:53:55] Timeout do jogador 2, defesa aplicada.
[2025-11-11 12:53:55] TX[1]: R2|H1:100/50|H2:100/50|C1:0/0|C2:0/0|L:P1 D, P2 D, dano final 0 e 0
[2025-11-11 12:53:55] TX[2]: R2|H1:100/50|H2:100/50|C1:0/0|C2:0/0|L:P1 D, P2 D, dano final 0 e 0
[2025-11-11 12:53:55] TX[1]: T1
[2025-11-11 12:53:55] TX[2]: T1
[2025-11-11 12:54:15] Timeout do jogador 1, defesa aplicada.
[2025-11-11 12:54:35] Timeout do jogador 2, defesa aplicada.
[2025-11-11 12:54:35] TX[1]: R1|H1:100/50|H2:100/50|C1:0/0|C2:0/0|L:P1 D, P2 D, dano final 0 e 0
[2025-11-11 12:54:35] TX[2]: R1|H1:100/50|H2:100/50|C1:0/0|C2:0/0|L:P1 D, P2 D, dano final 0 e 0
[2025-11-11 12:54:35] TX[1]: T2
[2025-11-11 12:54:35] TX[2]: T2
[2025-11-11 12:54:55] Timeout do jogador 1, defesa aplicada.
[2025-11-11 12:55:15] Timeout do jogador 2, defesa aplicada.
[2025-11-11 12:55:15] TX[1]: R2|H1:100/50|H2:100/50|C1:0/0|C2:0/0|L:P1 D, P2 D, dano final 0 e 0
[2025-11-11 12:55:15] TX[2]: R2|H1:100/50|H2:100/50|C1:0/0|C2:0/0|L:P1 D, P2 D, dano final 0 e 0
[2025-11-11 12:55:15] TX[1]: T1
[2025-11-11 12:55:15] TX[2]: T1
[2025-11-11 12:55:35] Timeout do jogador 1, defesa aplicada.
[2025-11-11 12:55:55] Timeout do jogador 2, defesa aplicada.
[2025-11-11 12:55:55] TX[1]: R1|H1:100/50|H2:100/50|C1:0/0|C2:0/0|L:P1 D, P2 D, dano final 0 e 0
[2025-11-11 12:55:55] TX[2]: R1|H1:100/50|H2:100/50|C1:0/0|C2:0/0|L:P1 D, P2 D, dano final 0 e 0
[2025-11-11 12:55:55] TX[1]: T2
[2025-11-11 12:55:55] TX[2]: T2
[2025-11-11 12:56:15] Timeout do jogador 1, defesa aplicada.
[2025-11-11 12:56:35] Timeout do jogador 2, defesa aplicada.
[2025-11-11 12:56:35] TX[1]: R2|H1:100/50|H2:100/50|C1:0/0|C2:0/0|L:P1 D, P2 D, dano final 0 e 0
[2025-11-11 12:56:35] TX[2]: R2|H1:100/50|H2:100/50|C1:0/0|C2:0/0|L:P1 D, P2 D, dano final 0 e 0
[2025-11-11 12:56:35] TX[1]: T1
[2025-11-11 12:56:35] TX[2]: T1
[2025-11-11 12:56:55] Timeout do jogador 1, defesa aplicada.
[2025-11-11 12:57:15] Timeout do jogador 2, defesa aplicada.
[2025-11-11 12:57:15] TX[1]: R1|H1:100/50|H2:100/50|C1:0/0|C2:0/0|L:P1 D, P2 D, dano final 0 e 0
[2025-11-11 12:57:15] TX[2]: R1|H1:100/50|H2:100/50|C1:0/0|C2:0/0|L:P1 D, P2 D, dano final 0 e 0
[2025-11-11 12:57:15] TX[1]: T2
[2025-11-11 12:57:15] TX[2]: T2
[2025-11-11 12:57:35] Timeout do jogador 1, defesa aplicada.
[2025-11-11 12:57:55] Timeout do jogador 2, defesa aplicada.
[2025-11-11 12:57:55] TX[1]: R2|H1:100/50|H2:100/50|C1:0/0|C2:0/0|L:P1 D, P2 D, dano final 0 e 0
[2025-11-11 12:57:55] TX[2]: R2|H1:100/50|H2:100/50|C1:0/0|C2:0/0|L:P1 D, P2 D, dano final 0 e 0
[2025-11-11 12:57:55] TX[1]: T1
[2025-11-11 12:57:55] TX[2]: T1
[2025-11-11 12:58:15] Timeout do jogador 1, defesa aplicada.
[2025-11-11 12:58:35] Timeout do jogador 2, defesa aplicada.
[2025-11-11 12:58:35] TX[1]: R1|H1:100/50|H2:100/50|C1:0/0|C2:0/0|L:P1 D, P2 D, dano final 0 e 0
[2025-11-11 12:58:35] TX[2]: R1|H1:100/50|H2:100/50|C1:0/0|C2:0/0|L:P1 D, P2 D, dano final 0 e 0
[2025-11-11 12:58:35] TX[1]: T2
[2025-11-11 12:58:35] TX[2]: T2
[2025-11-11 12:58:55] Timeout do jogador 1, defesa aplicada.
[2025-11-11 12:59:15] Timeout do jogador 2, defesa aplicada.
[2025-11-11 12:59:15] TX[1]: R2|H1:100/50|H2:100/50|C1:0/0|C2:0/0|L:P1 D, P2 D, dano final 0 e 0
[2025-11-11 12:59:15] TX[2]: R2|H1:100/50|H2:100/50|C1:0/0|C2:0/0|L:P1 D, P2 D, dano final 0 e 0
[2025-11-11 12:59:15] TX[1]: T1
[2025-11-11 12:59:15] TX[2]: T1
[2025-11-11 12:59:35] Timeout do jogador 1, defesa aplicada.
[2025-11-11 12:59:55] Timeout do jogador 2, defesa aplicada.
[2025-11-11 12:59:55] TX[1]: R1|H1:100/50|H2:100/50|C1:0/0|C2:0/0|L:P1 D, P2 D, dano final 0 e 0
[2025-11-11 12:59:55] TX[2]: R1|H1:100/50|H2:100/50|C1:0/0|C2:0/0|L:P1 D, P2 D, dano final 0 e 0
[2025-11-11 12:59:55] TX[1]: T2
[2025-11-11 12:59:55] TX[2]: T2
[2025-11-11 13:00:15] Timeout do jogador 1, defesa aplicada.
[2025-11-11 13:00:35] Timeout do jogador 2, defesa aplicada.
[2025-11-11 13:00:35] TX[1]: R2|H1:100/50|H2:100/50|C1:0/0|C2:0/0|L:P1 D, P2 D, dano final 0 e 0
[2025-11-11 13:00:35] TX[2]: R2|H1:100/50|H2:100/50|C1:0/0|C2:0/0|L:P1 D, P2 D, dano final 0 e 0
[2025-11-11 13:00:35] TX[1]: T1
[2025-11-11 13:00:35] TX[2]: T1
[2025-11-11 13:00:55] Timeout do jogador 1, defesa aplicada.
[2025-11-11 13:01:15] Timeout do jogador 2, defesa aplicada.
[2025-11-11 13:01:15] TX[1]: R1|H1:100/50|H2:100/50|C1:0/0|C2:0/0|L:P1 D, P2 D, dano final 0 e 0
[2025-11-11 13:01:15] TX[2]: R1|H1:100/50|H2:100/50|C1:0/0|C2:0/0|L:P1 D, P2 D, dano final 0 e 0
[2025-11-11 13:01:15] TX[1]: T2
[2025-11-11 13:01:15] TX[2]: T2
[2025-11-11 13:01:35] Timeout do jogador 1, defesa aplicada.
[2025-11-11 13:01:55] Timeout do jogador 2, defesa aplicada.
[2025-11-11 13:01:55] TX[1]: R2|H1:100/50|H2:100/50|C1:0/0|C2:0/0|L:P1 D, P2 D, dano final 0 e 0
[2025-11-11 13:01:55] TX[2]: R2|H1:100/50|H2:100/50|C1:0/0|C2:0/0|L:P1 D, P2 D, dano final 0 e 0
[2025-11-11 13:01:55] TX[1]: T1
[2025-11-11 13:01:55] TX[2]: T1
[2025-11-11 13:02:15] Timeout do jogador 1, defesa aplicada.
[2025-11-11 13:02:35] Timeout do jogador 2, defesa aplicada.
[2025-11-11 13:02:35] TX[1]: R1|H1:100/50|H2:100/50|C1:0/0|C2:0/0|L:P1 D, P2 D, dano final 0 e 0
[2025-11-11 13:02:35] TX[2]: R1|H1:100/50|H2:100/50|C1:0/0|C2:0/0|L:P1 D, P2 D, dano final 0 e 0
[2025-11-11 13:02:35] TX[1]: T2
[2025-11-11 13:02:35] TX[2]: T2
[2025-11-11 13:02:55] Timeout do jogador 1, defesa aplicada.
[2025-11-11 13:03:15] Timeout do jogador 2, defesa aplicada.
[2025-11-11 13:03:15] TX[1]: R2|H1:100/50|H2:100/50|C1:0/0|C2:0/0|L:P1 D, P2 D, dano final 0 e 0
[2025-11-11 13:03:15] TX[2]: R2|H1:100/50|H2:100/50|C1:0/0|C2:0/0|L:P1 D, P2 D, dano final 0 e 0
[2025-11-11 13:03:15] TX[1]: T1
[2025-11-11 13:03:15] TX[2]: T1
[2025-11-11 13:03:35] Timeout do jogador 1, defesa aplicada.
[2025-11-11 13:03:55] Timeout do jogador 2, defesa aplicada.
[2025-11-11 13:03:55] TX[1]: R1|H1:100/50|H2:100/50|C1:0/0|C2:0/0|L:P1 D, P2 D, dano final 0 e 0
[2025-11-11 13:03:55] TX[2]: R1|H1:100/50|H2:100/50|C1:0/0|C2:0/0|L:P1 D, P2 D, dano final 0 e 0
[2025-11-11 13:03:55] TX[1]: T2
[2025-11-11 13:03:55] TX[2]: T2
[2025-11-11 13:04:15] Timeout do jogador 1, defesa aplicada.
[2025-11-11 13:04:35] Timeout do jogador 2, defesa aplicada.
[2025-11-11 13:04:35] TX[1]: R2|H1:100/50|H2:100/50|C1:0/0|C2:0/0|L:P1 D, P2 D, dano final 0 e 0
[2025-11-11 13:04:35] TX[2]: R2|H1:100/50|H2:100/50|C1:0/0|C2:0/0|L:P1 D, P2 D, dano final 0 e 0
[2025-11-11 13:04:35] TX[1]: T1
[2025-11-11 13:04:35] TX[2]: T1
[2025-11-11 13:04:55] Timeout do jogador 1, defesa aplicada.
[2025-11-11 13:05:15] Timeout do jogador 2, defesa aplicada.
[2025-11-11 13:05:15] TX[1]: R1|H1:100/50|H2:100/50|C1:0/0|C2:0/0|L:P1 D, P2 D, dano final 0 e 0
[2025-11-11 13:05:15] TX[2]: R1|H1:100/50|H2:100/50|C1:0/0|C2:0/0|L:P1 D, P2 D, dano final 0 e 0
[2025-11-11 13:05:15] TX[1]: T2
[2025-11-11 13:05:15] TX[2]: T2
[2025-11-11 13:05:35] Timeout do jogador 1, defesa aplicada.
[2025-11-11 13:05:55] Timeout do jogador 2, defesa aplicada.
[2025-11-11 13:05:55] TX[1]: R2|H1:100/50|H2:100/50|C1:0/0|C2:0/0|L:P1 D, P2 D, dano final 0 e 0
[2025-11-11 13:05:55] TX[2]: R2|H1:100/50|H2:100/50|C1:0/0|C2:0/0|L:P1 D, P2 D, dano final 0 e 0
[2025-11-11 13:05:55] TX[1]: T1
[2025-11-11 13:05:55] TX[2]: T1
[2025-11-11 13:06:15] Timeout do jogador 1, defesa aplicada.
[2025-11-11 13:06:28] RX[1]: Q1
[2025-11-11 13:06:33] RX[2]: Q2
[2025-11-11 13:06:33] Jogador 2 solicitou saída
[2025-11-11 13:06:33] TX[1]: E0|reason:Ação inválida
[2025-11-11 13:06:33] TX[2]: E0|reason:Ação inválida
[2025-11-11 13:06:33] Cliente 2 desconectado: Socket closed
[2025-11-11 13:06:33] Um cliente desconectou antes de iniciar a partida.
[2025-11-11 13:11:08] Servidor iniciado na porta 5050
[2025-11-11 14:31:16] Servidor iniciado na porta 5050
[2025-11-11 14:31:42] Cliente 1 conectado de /127.0.0.1:63997
[2025-11-11 14:31:42] TX[1]: W1
[2025-11-11 14:31:53] Cliente 2 conectado de /127.0.0.1:63999
[2025-11-11 14:31:53] TX[1]: S1
[2025-11-11 14:31:53] TX[2]: W2
[2025-11-11 14:31:59] RX[1]: J1G
[2025-11-11 14:31:59] TX[1]: C1G
[2025-11-11 14:31:59] TX[2]: C1G
[2025-11-11 14:32:59] TX[2]: X02|Tempo excedido para escolher classe
[2025-11-11 14:32:59] Falha na seleção de classes.
[2025-11-11 14:32:59] TX[1]: S1
[2025-11-11 14:32:59] TX[2]: S2
[2025-11-11 14:33:04] RX[2]: J2M
[2025-11-11 14:33:07] RX[2]: J2M
[2025-11-11 14:33:09] RX[2]: J2M
[2025-11-11 14:33:12] RX[1]: J1G
[2025-11-11 14:33:12] TX[1]: C1G
[2025-11-11 14:33:12] TX[2]: C1G
[2025-11-11 14:33:12] TX[1]: C2M
[2025-11-11 14:33:12] TX[2]: C2M
[2025-11-11 14:33:12] TX[1]: T1
[2025-11-11 14:33:12] TX[2]: T1
[2025-11-11 14:33:21] RX[2]: M12A
[2025-11-11 14:33:22] RX[1]: M11A
[2025-11-11 14:33:22] TX[2]: X10|Ação inválida
[2025-11-11 14:33:22] TX[1]: R1|H1:100/50|H2:92/50|C1:0/0|C2:0/0|L:P1 A12, P2 D, dano final 0 e 8
[2025-11-11 14:33:22] TX[2]: R1|H1:100/50|H2:92/50|C1:0/0|C2:0/0|L:P1 A12, P2 D, dano final 0 e 8
[2025-11-11 14:33:22] TX[1]: T2
[2025-11-11 14:33:22] TX[2]: T2
[2025-11-11 14:33:24] RX[1]: M21A
[2025-11-11 14:33:24] TX[2]: X10|Ação inválida
[2025-11-11 14:33:24] TX[1]: R2|H1:100/50|H2:84/50|C1:0/0|C2:0/0|L:P1 A12, P2 D, dano final 0 e 8
[2025-11-11 14:33:24] TX[2]: R2|H1:100/50|H2:84/50|C1:0/0|C2:0/0|L:P1 A12, P2 D, dano final 0 e 8
[2025-11-11 14:33:24] TX[1]: T1
[2025-11-11 14:33:24] TX[2]: T1
[2025-11-11 14:33:26] RX[1]: M11A
[2025-11-11 14:33:26] TX[1]: R1|H1:92/50|H2:72/50|C1:0/0|C2:0/0|L:P1 A12, P2 A8, dano final 8 e 12
[2025-11-11 14:33:26] TX[2]: R1|H1:92/50|H2:72/50|C1:0/0|C2:0/0|L:P1 A12, P2 A8, dano final 8 e 12
[2025-11-11 14:33:26] TX[1]: T2
[2025-11-11 14:33:26] TX[2]: T2
[2025-11-11 14:33:34] RX[2]: M22A
[2025-11-11 14:33:39] RX[1]: M21A
[2025-11-11 14:33:39] TX[1]: R2|H1:84/50|H2:60/50|C1:0/0|C2:0/0|L:P1 A12, P2 A8, dano final 8 e 12
[2025-11-11 14:33:39] TX[2]: R2|H1:84/50|H2:60/50|C1:0/0|C2:0/0|L:P1 A12, P2 A8, dano final 8 e 12
[2025-11-11 14:33:39] TX[1]: T1
[2025-11-11 14:33:39] TX[2]: T1
[2025-11-11 14:33:42] RX[2]: M12S0
[2025-11-11 14:33:45] RX[1]: M11A
[2025-11-11 14:33:45] TX[1]: R1|H1:54/50|H2:48/35|C1:0/0|C2:2/0|L:P1 A12, P2 S30, dano final 30 e 12
[2025-11-11 14:33:45] TX[2]: R1|H1:54/50|H2:48/35|C1:0/0|C2:2/0|L:P1 A12, P2 S30, dano final 30 e 12
[2025-11-11 14:33:45] TX[1]: T2
[2025-11-11 14:33:45] TX[2]: T2
[2025-11-11 14:33:52] RX[1]: M21A
[2025-11-11 14:33:53] RX[2]: M22A
[2025-11-11 14:33:53] TX[1]: R2|H1:46/50|H2:36/35|C1:0/0|C2:1/0|L:P1 A12, P2 A8, dano final 8 e 12
[2025-11-11 14:33:53] TX[2]: R2|H1:46/50|H2:36/35|C1:0/0|C2:1/0|L:P1 A12, P2 A8, dano final 8 e 12
[2025-11-11 14:33:53] TX[1]: T1
[2025-11-11 14:33:53] TX[2]: T1
[2025-11-11 14:33:58] RX[2]: M12S0
[2025-11-11 14:34:01] RX[1]: M11A
[2025-11-11 14:34:01] TX[1]: R1|H1:16/50|H2:24/20|C1:0/0|C2:2/0|L:P1 A12, P2 S30, dano final 30 e 12
[2025-11-11 14:34:01] TX[2]: R1|H1:16/50|H2:24/20|C1:0/0|C2:2/0|L:P1 A12, P2 S30, dano final 30 e 12
[2025-11-11 14:34:01] TX[1]: T2
[2025-11-11 14:34:01] TX[2]: T2
[2025-11-11 14:34:05] RX[2]: M22S0
[2025-11-11 14:34:07] RX[1]: M21A
[2025-11-11 14:34:07] TX[1]: R2|H1:8/50|H2:12/20|C1:0/0|C2:1/0|L:P1 A12, P2 A8, dano final 8 e 12
[2025-11-11 14:34:07] TX[2]: R2|H1:8/50|H2:12/20|C1:0/0|C2:1/0|L:P1 A12, P2 A8, dano final 8 e 12
[2025-11-11 14:34:07] TX[1]: T1
[2025-11-11 14:34:07] TX[2]: T1
[2025-11-11 14:34:11] RX[2]: M12A
[2025-11-11 14:34:15] RX[1]: M11A
[2025-11-11 14:34:15] TX[1]: R1|H1:0/50|H2:0/20|C1:0/0|C2:0/0|L:P1 A12, P2 A8, dano final 8 e 12
[2025-11-11 14:34:15] TX[2]: R1|H1:0/50|H2:0/20|C1:0/0|C2:0/0|L:P1 A12, P2 A8, dano final 8 e 12
[2025-11-11 14:34:15] TX[1]: E0|reason:Ambos caíram
[2025-11-11 14:34:15] TX[2]: E0|reason:Ambos caíram
[2025-11-11 14:34:15] TX[1]: S1
[2025-11-11 14:34:15] TX[2]: S2
[2025-11-11 14:34:31] RX[1]: J1G
[2025-11-11 14:34:31] TX[1]: C1G
[2025-11-11 14:34:31] TX[2]: C1G
[2025-11-11 14:34:36] RX[2]: J2M
[2025-11-11 14:34:36] TX[1]: C2M
[2025-11-11 14:34:36] TX[2]: C2M
[2025-11-11 14:34:36] TX[1]: T1
[2025-11-11 14:34:36] TX[2]: T1
[2025-11-11 14:34:43] RX[1]: G
[2025-11-11 14:34:43] TX[1]: B{"G":1,"M":3,"R":0,"Ativa":1,"Ultimo":"Partida iniciada"}
[2025-11-11 14:34:50] RX[1]: M11A
[2025-11-11 14:34:53] RX[1]: Q1
[2025-11-11 14:34:58] RX[2]: Q2
[2025-11-11 14:34:58] Jogador 2 solicitou saída
[2025-11-11 14:34:58] TX[1]: E0|reason:Ação inválida
[2025-11-11 14:34:58] TX[2]: E0|reason:Ação inválida
[2025-11-11 14:34:58] Cliente 2 desconectado: Socket closed
[2025-11-11 14:34:58] Um cliente desconectou antes de iniciar a partida.
[2025-11-11 14:35:57] Servidor iniciado na porta 5050
[2025-11-11 14:36:07] Cliente 1 conectado de /127.0.0.1:64020
[2025-11-11 14:36:07] TX[1]: W1
[2025-11-11 14:36:11] Cliente 2 conectado de /127.0.0.1:64021
[2025-11-11 14:36:11] TX[1]: S1
[2025-11-11 14:36:12] TX[2]: W2
[2025-11-11 14:36:17] RX[1]: J1G
[2025-11-11 14:36:17] TX[1]: C1G
[2025-11-11 14:36:17] TX[2]: C1G
[2025-11-11 14:37:17] TX[2]: X02|Tempo excedido para escolher classe
[2025-11-11 14:37:17] Falha na seleção de classes.
[2025-11-11 14:37:17] TX[1]: S1
[2025-11-11 14:37:17] TX[2]: S2
[2025-11-11 14:37:21] RX[2]: J2R
[2025-11-11 14:37:23] RX[2]: J2R
[2025-11-11 14:37:26] RX[1]: J1G
[2025-11-11 14:37:26] TX[1]: C1G
[2025-11-11 14:37:26] TX[2]: C1G
[2025-11-11 14:37:26] TX[1]: C2R
[2025-11-11 14:37:26] TX[2]: C2R
[2025-11-11 14:37:26] TX[1]: T1
[2025-11-11 14:37:26] TX[2]: T1
[2025-11-11 14:37:46] Timeout do jogador 1, defesa aplicada.
[2025-11-11 14:37:46] TX[2]: X10|Ação inválida
[2025-11-11 14:37:46] TX[1]: R1|H1:100/50|H2:100/50|C1:0/0|C2:0/0|L:P1 D, P2 D, dano final 0 e 0
[2025-11-11 14:37:46] TX[2]: R1|H1:100/50|H2:100/50|C1:0/0|C2:0/0|L:P1 D, P2 D, dano final 0 e 0
[2025-11-11 14:37:46] TX[1]: T2
[2025-11-11 14:37:46] TX[2]: T2
[2025-11-11 14:38:06] Timeout do jogador 1, defesa aplicada.
[2025-11-11 14:38:26] Timeout do jogador 2, defesa aplicada.
[2025-11-11 14:38:26] TX[1]: R2|H1:100/50|H2:100/50|C1:0/0|C2:0/0|L:P1 D, P2 D, dano final 0 e 0
[2025-11-11 14:38:26] TX[2]: R2|H1:100/50|H2:100/50|C1:0/0|C2:0/0|L:P1 D, P2 D, dano final 0 e 0
[2025-11-11 14:38:26] TX[1]: T1
[2025-11-11 14:38:26] TX[2]: T1
[2025-11-11 14:38:46] Timeout do jogador 1, defesa aplicada.
[2025-11-11 14:39:06] Timeout do jogador 2, defesa aplicada.
[2025-11-11 14:39:06] TX[1]: R1|H1:100/50|H2:100/50|C1:0/0|C2:0/0|L:P1 D, P2 D, dano final 0 e 0
[2025-11-11 14:39:06] TX[2]: R1|H1:100/50|H2:100/50|C1:0/0|C2:0/0|L:P1 D, P2 D, dano final 0 e 0
[2025-11-11 14:39:06] TX[1]: T2
[2025-11-11 14:39:06] TX[2]: T2
[2025-11-11 14:39:27] Timeout do jogador 1, defesa aplicada.
[2025-11-11 14:39:47] Timeout do jogador 2, defesa aplicada.
[2025-11-11 14:39:47] TX[1]: R2|H1:100/50|H2:100/50|C1:0/0|C2:0/0|L:P1 D, P2 D, dano final 0 e 0
[2025-11-11 14:39:47] TX[2]: R2|H1:100/50|H2:100/50|C1:0/0|C2:0/0|L:P1 D, P2 D, dano final 0 e 0
[2025-11-11 14:39:47] TX[1]: T1
[2025-11-11 14:39:47] TX[2]: T1
[2025-11-11 14:40:07] Timeout do jogador 1, defesa aplicada.
[2025-11-11 14:40:27] Timeout do jogador 2, defesa aplicada.
[2025-11-11 14:40:27] TX[1]: R1|H1:100/50|H2:100/50|C1:0/0|C2:0/0|L:P1 D, P2 D, dano final 0 e 0
[2025-11-11 14:40:27] TX[2]: R1|H1:100/50|H2:100/50|C1:0/0|C2:0/0|L:P1 D, P2 D, dano final 0 e 0
[2025-11-11 14:40:27] TX[1]: T2
[2025-11-11 14:40:27] TX[2]: T2
[2025-11-11 14:40:47] Timeout do jogador 1, defesa aplicada.
[2025-11-11 14:41:07] Timeout do jogador 2, defesa aplicada.
[2025-11-11 14:41:07] TX[1]: R2|H1:100/50|H2:100/50|C1:0/0|C2:0/0|L:P1 D, P2 D, dano final 0 e 0
[2025-11-11 14:41:07] TX[2]: R2|H1:100/50|H2:100/50|C1:0/0|C2:0/0|L:P1 D, P2 D, dano final 0 e 0
[2025-11-11 14:41:07] TX[1]: T1
[2025-11-11 14:41:07] TX[2]: T1
[2025-11-11 14:41:27] Timeout do jogador 1, defesa aplicada.
[2025-11-11 14:41:47] Timeout do jogador 2, defesa aplicada.
[2025-11-11 14:41:47] TX[1]: R1|H1:100/50|H2:100/50|C1:0/0|C2:0/0|L:P1 D, P2 D, dano final 0 e 0
[2025-11-11 14:41:47] TX[2]: R1|H1:100/50|H2:100/50|C1:0/0|C2:0/0|L:P1 D, P2 D, dano final 0 e 0
[2025-11-11 14:41:47] TX[1]: T2
[2025-11-11 14:41:47] TX[2]: T2
[2025-11-11 14:42:07] Timeout do jogador 1, defesa aplicada.
[2025-11-11 14:42:27] Timeout do jogador 2, defesa aplicada.
[2025-11-11 14:42:27] TX[1]: R2|H1:100/50|H2:100/50|C1:0/0|C2:0/0|L:P1 D, P2 D, dano final 0 e 0
[2025-11-11 14:42:27] TX[2]: R2|H1:100/50|H2:100/50|C1:0/0|C2:0/0|L:P1 D, P2 D, dano final 0 e 0
[2025-11-11 14:42:27] TX[1]: T1
[2025-11-11 14:42:27] TX[2]: T1
[2025-11-11 14:42:47] Timeout do jogador 1, defesa aplicada.
[2025-11-11 14:43:07] Timeout do jogador 2, defesa aplicada.
[2025-11-11 14:43:07] TX[1]: R1|H1:100/50|H2:100/50|C1:0/0|C2:0/0|L:P1 D, P2 D, dano final 0 e 0
[2025-11-11 14:43:07] TX[2]: R1|H1:100/50|H2:100/50|C1:0/0|C2:0/0|L:P1 D, P2 D, dano final 0 e 0
[2025-11-11 14:43:07] TX[1]: T2
[2025-11-11 14:43:07] TX[2]: T2
[2025-11-11 14:43:27] Timeout do jogador 1, defesa aplicada.
[2025-11-11 14:43:47] Timeout do jogador 2, defesa aplicada.
[2025-11-11 14:43:47] TX[1]: R2|H1:100/50|H2:100/50|C1:0/0|C2:0/0|L:P1 D, P2 D, dano final 0 e 0
[2025-11-11 14:43:47] TX[2]: R2|H1:100/50|H2:100/50|C1:0/0|C2:0/0|L:P1 D, P2 D, dano final 0 e 0
[2025-11-11 14:43:47] TX[1]: T1
[2025-11-11 14:43:47] TX[2]: T1
[2025-11-11 14:44:07] Timeout do jogador 1, defesa aplicada.
[2025-11-11 14:44:27] Timeout do jogador 2, defesa aplicada.
[2025-11-11 14:44:27] TX[1]: R1|H1:100/50|H2:100/50|C1:0/0|C2:0/0|L:P1 D, P2 D, dano final 0 e 0
[2025-11-11 14:44:27] TX[2]: R1|H1:100/50|H2:100/50|C1:0/0|C2:0/0|L:P1 D, P2 D, dano final 0 e 0
[2025-11-11 14:44:27] TX[1]: T2
[2025-11-11 14:44:27] TX[2]: T2
[2025-11-11 14:44:47] Timeout do jogador 1, defesa aplicada.
[2025-11-11 14:45:07] Timeout do jogador 2, defesa aplicada.
[2025-11-11 14:45:07] TX[1]: R2|H1:100/50|H2:100/50|C1:0/0|C2:0/0|L:P1 D, P2 D, dano final 0 e 0
[2025-11-11 14:45:07] TX[2]: R2|H1:100/50|H2:100/50|C1:0/0|C2:0/0|L:P1 D, P2 D, dano final 0 e 0
[2025-11-11 14:45:07] TX[1]: T1
[2025-11-11 14:45:07] TX[2]: T1
[2025-11-11 14:45:27] Timeout do jogador 1, defesa aplicada.
[2025-11-11 14:45:47] Timeout do jogador 2, defesa aplicada.
[2025-11-11 14:45:47] TX[1]: R1|H1:100/50|H2:100/50|C1:0/0|C2:0/0|L:P1 D, P2 D, dano final 0 e 0
[2025-11-11 14:45:47] TX[2]: R1|H1:100/50|H2:100/50|C1:0/0|C2:0/0|L:P1 D, P2 D, dano final 0 e 0
[2025-11-11 14:45:47] TX[1]: T2
[2025-11-11 14:45:47] TX[2]: T2
[2025-11-11 14:46:07] Timeout do jogador 1, defesa aplicada.
[2025-11-11 14:46:27] Timeout do jogador 2, defesa aplicada.
[2025-11-11 14:46:27] TX[1]: R2|H1:100/50|H2:100/50|C1:0/0|C2:0/0|L:P1 D, P2 D, dano final 0 e 0
[2025-11-11 14:46:27] TX[2]: R2|H1:100/50|H2:100/50|C1:0/0|C2:0/0|L:P1 D, P2 D, dano final 0 e 0
[2025-11-11 14:46:27] TX[1]: T1
[2025-11-11 14:46:27] TX[2]: T1
[2025-11-11 14:46:47] Timeout do jogador 1, defesa aplicada.
[2025-11-11 14:47:07] Timeout do jogador 2, defesa aplicada.
[2025-11-11 14:47:07] TX[1]: R1|H1:100/50|H2:100/50|C1:0/0|C2:0/0|L:P1 D, P2 D, dano final 0 e 0
[2025-11-11 14:47:07] TX[2]: R1|H1:100/50|H2:100/50|C1:0/0|C2:0/0|L:P1 D, P2 D, dano final 0 e 0
[2025-11-11 14:47:07] TX[1]: T2
[2025-11-11 14:47:07] TX[2]: T2
[2025-11-11 14:47:27] Timeout do jogador 1, defesa aplicada.
[2025-11-11 14:47:47] Timeout do jogador 2, defesa aplicada.
[2025-11-11 14:47:47] TX[1]: R2|H1:100/50|H2:100/50|C1:0/0|C2:0/0|L:P1 D, P2 D, dano final 0 e 0
[2025-11-11 14:47:47] TX[2]: R2|H1:100/50|H2:100/50|C1:0/0|C2:0/0|L:P1 D, P2 D, dano final 0 e 0
[2025-11-11 14:47:47] TX[1]: T1
[2025-11-11 14:47:47] TX[2]: T1
[2025-11-11 14:48:07] Timeout do jogador 1, defesa aplicada.
[2025-11-11 14:48:27] Timeout do jogador 2, defesa aplicada.
[2025-11-11 14:48:27] TX[1]: R1|H1:100/50|H2:100/50|C1:0/0|C2:0/0|L:P1 D, P2 D, dano final 0 e 0
[2025-11-11 14:48:27] TX[2]: R1|H1:100/50|H2:100/50|C1:0/0|C2:0/0|L:P1 D, P2 D, dano final 0 e 0
[2025-11-11 14:48:27] TX[1]: T2
[2025-11-11 14:48:27] TX[2]: T2
[2025-11-11 14:48:47] Timeout do jogador 1, defesa aplicada.
[2025-11-11 14:49:07] Timeout do jogador 2, defesa aplicada.
[2025-11-11 14:49:07] TX[1]: R2|H1:100/50|H2:100/50|C1:0/0|C2:0/0|L:P1 D, P2 D, dano final 0 e 0
[2025-11-11 14:49:07] TX[2]: R2|H1:100/50|H2:100/50|C1:0/0|C2:0/0|L:P1 D, P2 D, dano final 0 e 0
[2025-11-11 14:49:07] TX[1]: T1
[2025-11-11 14:49:07] TX[2]: T1
[2025-11-11 14:49:27] Timeout do jogador 1, defesa aplicada.
[2025-11-11 14:49:47] Timeout do jogador 2, defesa aplicada.
[2025-11-11 14:49:47] TX[1]: R1|H1:100/50|H2:100/50|C1:0/0|C2:0/0|L:P1 D, P2 D, dano final 0 e 0
[2025-11-11 14:49:47] TX[2]: R1|H1:100/50|H2:100/50|C1:0/0|C2:0/0|L:P1 D, P2 D, dano final 0 e 0
[2025-11-11 14:49:47] TX[1]: T2
[2025-11-11 14:49:47] TX[2]: T2
[2025-11-11 14:50:07] Timeout do jogador 1, defesa aplicada.
[2025-11-11 14:50:27] Timeout do jogador 2, defesa aplicada.
[2025-11-11 14:50:27] TX[1]: R2|H1:100/50|H2:100/50|C1:0/0|C2:0/0|L:P1 D, P2 D, dano final 0 e 0
[2025-11-11 14:50:27] TX[2]: R2|H1:100/50|H2:100/50|C1:0/0|C2:0/0|L:P1 D, P2 D, dano final 0 e 0
[2025-11-11 14:50:27] TX[1]: T1
[2025-11-11 14:50:27] TX[2]: T1
[2025-11-11 14:50:47] Timeout do jogador 1, defesa aplicada.
[2025-11-11 14:51:07] Timeout do jogador 2, defesa aplicada.
[2025-11-11 14:51:07] TX[1]: R1|H1:100/50|H2:100/50|C1:0/0|C2:0/0|L:P1 D, P2 D, dano final 0 e 0
[2025-11-11 14:51:07] TX[2]: R1|H1:100/50|H2:100/50|C1:0/0|C2:0/0|L:P1 D, P2 D, dano final 0 e 0
[2025-11-11 14:51:07] TX[1]: T2
[2025-11-11 14:51:07] TX[2]: T2
[2025-11-11 14:51:27] Timeout do jogador 1, defesa aplicada.
[2025-11-11 14:51:47] Timeout do jogador 2, defesa aplicada.
[2025-11-11 14:51:47] TX[1]: R2|H1:100/50|H2:100/50|C1:0/0|C2:0/0|L:P1 D, P2 D, dano final 0 e 0
[2025-11-11 14:51:47] TX[2]: R2|H1:100/50|H2:100/50|C1:0/0|C2:0/0|L:P1 D, P2 D, dano final 0 e 0
[2025-11-11 14:51:47] TX[1]: T1
[2025-11-11 14:51:47] TX[2]: T1
[2025-11-11 14:52:07] Timeout do jogador 1, defesa aplicada.
[2025-11-11 14:52:27] Timeout do jogador 2, defesa aplicada.
[2025-11-11 14:52:27] TX[1]: R1|H1:100/50|H2:100/50|C1:0/0|C2:0/0|L:P1 D, P2 D, dano final 0 e 0
[2025-11-11 14:52:27] TX[2]: R1|H1:100/50|H2:100/50|C1:0/0|C2:0/0|L:P1 D, P2 D, dano final 0 e 0
[2025-11-11 14:52:27] TX[1]: T2
[2025-11-11 14:52:27] TX[2]: T2
[2025-11-11 14:52:47] Timeout do jogador 1, defesa aplicada.
[2025-11-11 14:53:07] Timeout do jogador 2, defesa aplicada.
[2025-11-11 14:53:07] TX[1]: R2|H1:100/50|H2:100/50|C1:0/0|C2:0/0|L:P1 D, P2 D, dano final 0 e 0
[2025-11-11 14:53:07] TX[2]: R2|H1:100/50|H2:100/50|C1:0/0|C2:0/0|L:P1 D, P2 D, dano final 0 e 0
[2025-11-11 14:53:07] TX[1]: T1
[2025-11-11 14:53:07] TX[2]: T1
[2025-11-11 14:53:27] Timeout do jogador 1, defesa aplicada.
[2025-11-11 14:53:47] Timeout do jogador 2, defesa aplicada.
[2025-11-11 14:53:47] TX[1]: R1|H1:100/50|H2:100/50|C1:0/0|C2:0/0|L:P1 D, P2 D, dano final 0 e 0
[2025-11-11 14:53:47] TX[2]: R1|H1:100/50|H2:100/50|C1:0/0|C2:0/0|L:P1 D, P2 D, dano final 0 e 0
[2025-11-11 14:53:47] TX[1]: T2
[2025-11-11 14:53:47] TX[2]: T2
[2025-11-11 14:54:07] Timeout do jogador 1, defesa aplicada.
[2025-11-11 14:54:27] Timeout do jogador 2, defesa aplicada.
[2025-11-11 14:54:27] TX[1]: R2|H1:100/50|H2:100/50|C1:0/0|C2:0/0|L:P1 D, P2 D, dano final 0 e 0
[2025-11-11 14:54:27] TX[2]: R2|H1:100/50|H2:100/50|C1:0/0|C2:0/0|L:P1 D, P2 D, dano final 0 e 0
[2025-11-11 14:54:27] TX[1]: T1
[2025-11-11 14:54:27] TX[2]: T1
[2025-11-11 14:54:47] Timeout do jogador 1, defesa aplicada.
[2025-11-11 14:55:07] Timeout do jogador 2, defesa aplicada.
[2025-11-11 14:55:07] TX[1]: R1|H1:100/50|H2:100/50|C1:0/0|C2:0/0|L:P1 D, P2 D, dano final 0 e 0
[2025-11-11 14:55:07] TX[2]: R1|H1:100/50|H2:100/50|C1:0/0|C2:0/0|L:P1 D, P2 D, dano final 0 e 0
[2025-11-11 14:55:07] TX[1]: T2
[2025-11-11 14:55:07] TX[2]: T2
[2025-11-11 14:55:27] Timeout do jogador 1, defesa aplicada.
[2025-11-11 14:55:47] Timeout do jogador 2, defesa aplicada.
[2025-11-11 14:55:47] TX[1]: R2|H1:100/50|H2:100/50|C1:0/0|C2:0/0|L:P1 D, P2 D, dano final 0 e 0
[2025-11-11 14:55:47] TX[2]: R2|H1:100/50|H2:100/50|C1:0/0|C2:0/0|L:P1 D, P2 D, dano final 0 e 0
[2025-11-11 14:55:48] TX[1]: T1
[2025-11-11 14:55:48] TX[2]: T1
[2025-11-11 14:56:08] Timeout do jogador 1, defesa aplicada.
[2025-11-11 14:56:28] Timeout do jogador 2, defesa aplicada.
[2025-11-11 14:56:28] TX[1]: R1|H1:100/50|H2:100/50|C1:0/0|C2:0/0|L:P1 D, P2 D, dano final 0 e 0
[2025-11-11 14:56:28] TX[2]: R1|H1:100/50|H2:100/50|C1:0/0|C2:0/0|L:P1 D, P2 D, dano final 0 e 0
[2025-11-11 14:56:28] TX[1]: T2
[2025-11-11 14:56:28] TX[2]: T2
[2025-11-11 14:56:48] Timeout do jogador 1, defesa aplicada.
[2025-11-11 14:57:08] Timeout do jogador 2, defesa aplicada.
[2025-11-11 14:57:08] TX[1]: R2|H1:100/50|H2:100/50|C1:0/0|C2:0/0|L:P1 D, P2 D, dano final 0 e 0
[2025-11-11 14:57:08] TX[2]: R2|H1:100/50|H2:100/50|C1:0/0|C2:0/0|L:P1 D, P2 D, dano final 0 e 0
[2025-11-11 14:57:08] TX[1]: T1
[2025-11-11 14:57:08] TX[2]: T1
[2025-11-11 14:57:28] Timeout do jogador 1, defesa aplicada.
[2025-11-11 14:57:48] Timeout do jogador 2, defesa aplicada.
[2025-11-11 14:57:48] TX[1]: R1|H1:100/50|H2:100/50|C1:0/0|C2:0/0|L:P1 D, P2 D, dano final 0 e 0
[2025-11-11 14:57:48] TX[2]: R1|H1:100/50|H2:100/50|C1:0/0|C2:0/0|L:P1 D, P2 D, dano final 0 e 0
[2025-11-11 14:57:48] TX[1]: T2
[2025-11-11 14:57:48] TX[2]: T2
[2025-11-11 14:58:08] Timeout do jogador 1, defesa aplicada.
[2025-11-11 14:58:28] Timeout do jogador 2, defesa aplicada.
[2025-11-11 14:58:28] TX[1]: R2|H1:100/50|H2:100/50|C1:0/0|C2:0/0|L:P1 D, P2 D, dano final 0 e 0
[2025-11-11 14:58:28] TX[2]: R2|H1:100/50|H2:100/50|C1:0/0|C2:0/0|L:P1 D, P2 D, dano final 0 e 0
[2025-11-11 14:58:28] TX[1]: T1
[2025-11-11 14:58:28] TX[2]: T1
[2025-11-11 14:58:48] Timeout do jogador 1, defesa aplicada.
[2025-11-11 14:59:08] Timeout do jogador 2, defesa aplicada.
[2025-11-11 14:59:08] TX[1]: R1|H1:100/50|H2:100/50|C1:0/0|C2:0/0|L:P1 D, P2 D, dano final 0 e 0
[2025-11-11 14:59:08] TX[2]: R1|H1:100/50|H2:100/50|C1:0/0|C2:0/0|L:P1 D, P2 D, dano final 0 e 0
[2025-11-11 14:59:08] TX[1]: T2
[2025-11-11 14:59:08] TX[2]: T2
[2025-11-11 14:59:28] Timeout do jogador 1, defesa aplicada.
[2025-11-11 14:59:48] Timeout do jogador 2, defesa aplicada.
[2025-11-11 14:59:48] TX[1]: R2|H1:100/50|H2:100/50|C1:0/0|C2:0/0|L:P1 D, P2 D, dano final 0 e 0
[2025-11-11 14:59:48] TX[2]: R2|H1:100/50|H2:100/50|C1:0/0|C2:0/0|L:P1 D, P2 D, dano final 0 e 0
[2025-11-11 14:59:48] TX[1]: T1
[2025-11-11 14:59:48] TX[2]: T1
[2025-11-11 15:00:08] Timeout do jogador 1, defesa aplicada.
[2025-11-11 15:00:28] Timeout do jogador 2, defesa aplicada.
[2025-11-11 15:00:28] TX[1]: R1|H1:100/50|H2:100/50|C1:0/0|C2:0/0|L:P1 D, P2 D, dano final 0 e 0
[2025-11-11 15:00:28] TX[2]: R1|H1:100/50|H2:100/50|C1:0/0|C2:0/0|L:P1 D, P2 D, dano final 0 e 0
[2025-11-11 15:00:28] TX[1]: T2
[2025-11-11 15:00:28] TX[2]: T2
[2025-11-11 15:00:48] Timeout do jogador 1, defesa aplicada.
[2025-11-11 15:01:08] Timeout do jogador 2, defesa aplicada.
[2025-11-11 15:01:08] TX[1]: R2|H1:100/50|H2:100/50|C1:0/0|C2:0/0|L:P1 D, P2 D, dano final 0 e 0
[2025-11-11 15:01:08] TX[2]: R2|H1:100/50|H2:100/50|C1:0/0|C2:0/0|L:P1 D, P2 D, dano final 0 e 0
[2025-11-11 15:01:08] TX[1]: T1
[2025-11-11 15:01:08] TX[2]: T1
[2025-11-11 15:01:28] Timeout do jogador 1, defesa aplicada.
[2025-11-11 15:01:48] Timeout do jogador 2, defesa aplicada.
[2025-11-11 15:01:48] TX[1]: R1|H1:100/50|H2:100/50|C1:0/0|C2:0/0|L:P1 D, P2 D, dano final 0 e 0
[2025-11-11 15:01:48] TX[2]: R1|H1:100/50|H2:100/50|C1:0/0|C2:0/0|L:P1 D, P2 D, dano final 0 e 0
[2025-11-11 15:01:48] TX[1]: T2
[2025-11-11 15:01:48] TX[2]: T2
[2025-11-11 15:02:08] Timeout do jogador 1, defesa aplicada.
[2025-11-11 15:02:28] Timeout do jogador 2, defesa aplicada.
[2025-11-11 15:02:28] TX[1]: R2|H1:100/50|H2:100/50|C1:0/0|C2:0/0|L:P1 D, P2 D, dano final 0 e 0
[2025-11-11 15:02:28] TX[2]: R2|H1:100/50|H2:100/50|C1:0/0|C2:0/0|L:P1 D, P2 D, dano final 0 e 0
[2025-11-11 15:02:28] TX[1]: T1
[2025-11-11 15:02:28] TX[2]: T1
[2025-11-11 15:02:48] Timeout do jogador 1, defesa aplicada.
[2025-11-11 15:03:08] Timeout do jogador 2, defesa aplicada.
[2025-11-11 15:03:08] TX[1]: R1|H1:100/50|H2:100/50|C1:0/0|C2:0/0|L:P1 D, P2 D, dano final 0 e 0
[2025-11-11 15:03:08] TX[2]: R1|H1:100/50|H2:100/50|C1:0/0|C2:0/0|L:P1 D, P2 D, dano final 0 e 0
[2025-11-11 15:03:08] TX[1]: T2
[2025-11-11 15:03:08] TX[2]: T2
[2025-11-11 15:03:28] Timeout do jogador 1, defesa aplicada.
[2025-11-11 15:03:48] Timeout do jogador 2, defesa aplicada.
[2025-11-11 15:03:48] TX[1]: R2|H1:100/50|H2:100/50|C1:0/0|C2:0/0|L:P1 D, P2 D, dano final 0 e 0
[2025-11-11 15:03:48] TX[2]: R2|H1:100/50|H2:100/50|C1:0/0|C2:0/0|L:P1 D, P2 D, dano final 0 e 0
[2025-11-11 15:03:48] TX[1]: T1
[2025-11-11 15:03:48] TX[2]: T1
[2025-11-11 15:04:08] Timeout do jogador 1, defesa aplicada.
[2025-11-11 15:04:15] RX[2]: Q2
[2025-11-11 15:04:15] Jogador 2 solicitou saída
[2025-11-11 15:04:15] TX[1]: E0|reason:Ação inválida
[2025-11-11 15:04:15] Cliente 2 desconectado: Socket closed
[2025-11-11 15:04:15] TX[2]: E0|reason:Ação inválida
[2025-11-11 15:04:15] Um cliente desconectou antes de iniciar a partida.
[2025-11-11 15:04:15] Cliente 1 desconectado: Socket closed
[2025-11-11 16:47:15] Servidor iniciado na porta 5050
[2025-11-14 01:05:57] Servidor iniciado na porta 5050
[2025-11-14 01:07:40] Servidor iniciado na porta 5050
[2025-11-14 01:07:53] Cliente 1 desconectado (recv falhou)
[2025-11-14 01:07:53] Cliente 2 desconectado (recv falhou)
[2025-11-14 01:08:04] Servidor iniciado na porta 5050
[2025-11-14 01:08:14] Servidor iniciado na porta 5050
[2025-11-14 01:08:26] Servidor iniciado na porta 5050
[2025-11-14 01:18:38] Servidor iniciado na porta 5050
[2025-11-14 01:19:31] Gerenciador de partida iniciado
[2025-11-14 01:20:31] Jogador 1 não selecionou classe
[2025-11-14 01:20:31] Gerenciador de partida iniciado
[2025-11-14 01:21:31] Jogador 1 não selecionou classe
[2025-11-14 01:21:31] Gerenciador de partida iniciado
[2025-11-14 01:22:31] Jogador 1 não selecionou classe
[2025-11-14 01:22:31] Gerenciador de partida iniciado
[2025-11-14 01:23:31] Jogador 1 não selecionou classe
[2025-11-14 01:23:31] Gerenciador de partida iniciado
[2025-11-14 01:24:23] Servidor iniciado na porta 5050
[2025-11-14 01:24:41] Gerenciador de partida iniciado
[2025-11-14 01:25:41] Jogador 1 não selecionou classe
[2025-11-14 01:25:41] RX[1]: G
[2025-11-14 01:25:41] RX[2]: G
[2025-11-14 01:25:41] Gerenciador de partida iniciado
[2025-11-14 01:26:41] Jogador 1 não selecionou classe
[2025-11-14 01:26:41] RX[1]: G
[2025-11-14 01:26:41] RX[2]: J2M
[2025-11-14 01:26:41] Gerenciador de partida iniciado
[2025-11-14 01:27:41] Jogador 1 não selecionou classe
[2025-11-14 01:27:41] Cliente 1 desconectado
[2025-11-14 01:27:41] Cliente 2 desconectado
[2025-11-14 01:27:53] Servidor iniciado na porta 5050
[2025-11-14 01:28:11] Gerenciador de partida iniciado
[2025-11-14 01:29:11] Jogador 1 não selecionou classe
[2025-11-14 01:29:11] RX[1]: J1M
[2025-11-14 01:29:11] RX[2]: J2R
[2025-11-14 01:29:11] Gerenciador de partida iniciado
[2025-11-14 01:29:11] TX: T1
[2025-11-14 01:29:31] Timeout para jogador 1, defesa aplicada
[2025-11-14 01:29:51] Timeout para jogador 2, defesa aplicada
[2025-11-14 01:29:51] TX: R1|H1:100/50|H2:100/50|C1:0/0|C2:0/0|L:P1 Defesa0, P2 Defesa0, dano final 0 e 0
[2025-11-14 01:29:51] TX: T2
[2025-11-14 01:30:11] Timeout para jogador 1, defesa aplicada
[2025-11-14 01:30:31] Timeout para jogador 2, defesa aplicada
[2025-11-14 01:30:31] TX: R2|H1:100/50|H2:100/50|C1:0/0|C2:0/0|L:P1 Defesa0, P2 Defesa0, dano final 0 e 0
[2025-11-14 01:30:31] TX: T1
[2025-11-14 01:30:51] Timeout para jogador 1, defesa aplicada
[2025-11-14 01:31:11] Timeout para jogador 2, defesa aplicada
[2025-11-14 01:31:11] TX: R1|H1:100/50|H2:100/50|C1:0/0|C2:0/0|L:P1 Defesa0, P2 Defesa0, dano final 0 e 0
[2025-11-14 01:31:11] TX: T2
[2025-11-14 01:31:31] Timeout para jogador 1, defesa aplicada
[2025-11-14 01:31:51] Timeout para jogador 2, defesa aplicada
[2025-11-14 01:31:51] TX: R2|H1:100/50|H2:100/50|C1:0/0|C2:0/0|L:P1 Defesa0, P2 Defesa0, dano final 0 e 0
[2025-11-14 01:31:51] TX: T1
[2025-11-14 01:32:11] Timeout para jogador 1, defesa aplicada
[2025-11-14 01:32:31] Timeout para jogador 2, defesa aplicada
[2025-11-14 01:32:31] TX: R1|H1:100/50|H2:100/50|C1:0/0|C2:0/0|L:P1 Defesa0, P2 Defesa0, dano final 0 e 0
[2025-11-14 01:32:31] TX: T2
[2025-11-14 01:41:40] Servidor iniciado na porta 5050
[2025-11-14 01:44:15] Gerenciador de partida iniciado
[2025-11-14 01:45:15] Jogador 1 não selecionou classe
[2025-11-14 01:45:15] RX[1]: G
[2025-11-14 01:45:15] RX[2]: J2M
[2025-11-14 01:45:15] Gerenciador de partida iniciado
[2025-11-14 01:46:15] Jogador 1 não selecionou classe
[2025-11-14 01:46:15] RX[1]: J1R
[2025-11-14 01:46:15] RX[2]: J2M
[2025-11-14 01:46:15] Gerenciador de partida iniciado
[2025-11-14 01:46:15] TX: T1
[2025-11-14 01:46:35] Timeout para jogador 1, defesa aplicada
[2025-11-14 01:46:35] TX: R1|H1:100/50|H2:100/50|C1:0/0|C2:0/0|L:P1 Defesa0, P2 Defesa0, dano final 0 e 0
[2025-11-14 01:46:35] TX: T2
[2025-11-14 01:46:55] Timeout para jogador 1, defesa aplicada
[2025-11-14 01:47:15] Timeout para jogador 2, defesa aplicada
[2025-11-14 01:47:15] TX: R2|H1:100/50|H2:100/50|C1:0/0|C2:0/0|L:P1 Defesa0, P2 Defesa0, dano final 0 e 0
[2025-11-14 01:47:15] TX: T1
[2025-11-14 01:47:35] Timeout para jogador 1, defesa aplicada
[2025-11-14 01:47:55] Timeout para jogador 2, defesa aplicada
[2025-11-14 01:47:55] TX: R1|H1:100/50|H2:100/50|C1:0/0|C2:0/0|L:P1 Defesa0, P2 Defesa0, dano final 0 e 0
[2025-11-14 01:47:55] TX: T2
[2025-11-14 01:48:15] Timeout para jogador 1, defesa aplicada
[2025-11-14 01:48:35] Timeout para jogador 2, defesa aplicada
[2025-11-14 01:48:35] TX: R2|H1:100/50|H2:100/50|C1:0/0|C2:0/0|L:P1 Defesa0, P2 Defesa0, dano final 0 e 0
[2025-11-14 01:48:35] TX: T1
[2025-11-14 01:48:55] Timeout para jogador 1, defesa aplicada
[2025-11-14 01:49:15] Timeout para jogador 2, defesa aplicada
[2025-11-14 01:49:15] TX: R1|H1:100/50|H2:100/50|C1:0/0|C2:0/0|L:P1 Defesa0, P2 Defesa0, dano final 0 e 0
[2025-11-14 01:49:15] TX: T2
[2025-11-14 01:49:35] Timeout para jogador 1, defesa aplicada
[2025-11-14 01:49:55] Timeout para jogador 2, defesa aplicada
[2025-11-14 01:49:55] TX: R2|H1:100/50|H2:100/50|C1:0/0|C2:0/0|L:P1 Defesa0, P2 Defesa0, dano final 0 e 0
[2025-11-14 01:49:55] TX: T1
[2025-11-14 01:50:15] Timeout para jogador 1, defesa aplicada
[2025-11-14 01:50:35] Timeout para jogador 2, defesa aplicada
[2025-11-14 01:50:35] TX: R1|H1:100/50|H2:100/50|C1:0/0|C2:0/0|L:P1 Defesa0, P2 Defesa0, dano final 0 e 0
[2025-11-14 01:50:35] TX: T2
[2025-11-14 01:50:55] Timeout para jogador 1, defesa aplicada
[2025-11-14 01:51:15] Timeout para jogador 2, defesa aplicada
[2025-11-14 01:51:15] TX: R2|H1:100/50|H2:100/50|C1:0/0|C2:0/0|L:P1 Defesa0, P2 Defesa0, dano final 0 e 0
[2025-11-14 01:51:15] TX: T1
[2025-11-14 01:51:35] Timeout para jogador 1, defesa aplicada
[2025-11-14 01:51:55] Timeout para jogador 2, defesa aplicada
[2025-11-14 01:51:55] TX: R1|H1:100/50|H2:100/50|C1:0/0|C2:0/0|L:P1 Defesa0, P2 Defesa0, dano final 0 e 0
[2025-11-14 01:51:55] TX: T2
[2025-11-14 01:53:15] Servidor iniciado na porta 5050
[2025-11-14 01:53:30] Gerenciador de partida iniciado
[2025-11-14 01:54:30] Jogador 1 não selecionou classe
[2025-11-14 01:54:30] RX[1]: G
[2025-11-14 01:54:30] RX[2]: J2M
[2025-11-14 01:54:30] Gerenciador de partida iniciado
[2025-11-14 01:55:30] Jogador 1 não selecionou classe
[2025-11-14 01:55:30] Gerenciador de partida iniciado
[2025-11-14 01:56:26] Servidor iniciado na porta 5050
[2025-11-14 01:57:04] Gerenciador de partida iniciado
[2025-11-14 01:57:14] RX[1]: G
[2025-11-14 01:58:04] Jogador 1 não selecionou classe
[2025-11-14 01:58:04] RX[2]: J2M
[2025-11-14 01:58:04] Gerenciador de partida iniciado
[2025-11-14 01:59:04] Jogador 1 não selecionou classe
[2025-11-14 01:59:04] Gerenciador de partida iniciado
[2025-11-14 02:00:20] Servidor iniciado na porta 5050
[2025-11-14 02:00:57] Gerenciador de partida iniciado
[2025-11-14 02:00:57] Aguardando seleção de classe do jogador 1
[2025-11-14 02:01:07] RX[1]: G
[2025-11-14 02:01:57] Timeout aguardando seleção de classe do jogador 1
[2025-11-14 02:01:57] Jogador 1 não selecionou classe
[2025-11-14 02:01:57] RX[2]: J2M
[2025-11-14 02:01:57] RX[2]: J2M (colocando na fila)
[2025-11-14 02:01:57] Mensagem J2M colocada na fila do cliente 2
[2025-11-14 02:01:57] Gerenciador de partida iniciado
[2025-11-14 02:01:57] Aguardando seleção de classe do jogador 1
[2025-11-14 02:02:57] Timeout aguardando seleção de classe do jogador 1
[2025-11-14 02:02:57] Jogador 1 não selecionou classe
[2025-11-14 02:02:57] Gerenciador de partida iniciado
[2025-11-14 02:02:57] Aguardando seleção de classe do jogador 1
[2025-11-14 02:03:57] Timeout aguardando seleção de classe do jogador 1
[2025-11-14 02:03:57] Jogador 1 não selecionou classe
[2025-11-14 02:03:57] Gerenciador de partida iniciado
[2025-11-14 02:03:57] Aguardando seleção de classe do jogador 1
[2025-11-14 02:04:48] Cliente 1 desconectado
[2025-11-14 02:04:48] Mensagem recebida da fila do cliente 1: Q
[2025-11-14 02:04:48] Jogador 1 saiu durante seleção de classe
[2025-11-14 02:04:48] Jogador 1 não selecionou classe
[2025-11-14 02:05:41] Servidor iniciado na porta 5050
[2025-11-14 02:05:56] Gerenciador de partida iniciado
[2025-11-14 02:05:56] Aguardando seleção de classe do jogador 1
[2025-11-14 02:06:02] RX[1]: J1G
[2025-11-14 02:06:02] RX[1]: J1G (colocando na fila)
[2025-11-14 02:06:02] Mensagem J1G colocada na fila do cliente 1
[2025-11-14 02:06:02] Mensagem recebida da fila do cliente 1: J1G
[2025-11-14 02:06:02] Jogador 1 selecionou classe 0
[2025-11-14 02:06:02] Aguardando seleção de classe do jogador 2
[2025-11-14 02:06:07] RX[2]: J2M
[2025-11-14 02:06:07] RX[2]: J2M (colocando na fila)
[2025-11-14 02:06:07] Mensagem J2M colocada na fila do cliente 2
[2025-11-14 02:06:07] Mensagem recebida da fila do cliente 2: J2M
[2025-11-14 02:06:07] Jogador 2 selecionou classe 1
[2025-11-14 02:06:07] TX: T1
[2025-11-14 02:06:16] RX[1]: M11A
[2025-11-14 02:06:16] RX[1]: M11A (colocando na fila)
[2025-11-14 02:06:16] Mensagem M11A colocada na fila do cliente 1
[2025-11-14 02:06:20] RX[2]: M12A
[2025-11-14 02:06:20] RX[2]: M12A (colocando na fila)
[2025-11-14 02:06:20] Mensagem M12A colocada na fila do cliente 2
[2025-11-14 02:06:20] TX: R1|H1:92/50|H2:88/50|C1:0/0|C2:0/0|L:P1 Ataque12, P2 Ataque8, dano final 8 e 12
[2025-11-14 02:06:20] TX: T2
[2025-11-14 02:06:31] RX[1]: M21D
[2025-11-14 02:06:31] RX[1]: M21D (colocando na fila)
[2025-11-14 02:06:31] Mensagem M21D colocada na fila do cliente 1
[2025-11-14 02:06:31] RX[2]: M22S0
[2025-11-14 02:06:31] RX[2]: M22S0 (colocando na fila)
[2025-11-14 02:06:31] Mensagem M22S0 colocada na fila do cliente 2
[2025-11-14 02:06:31] TX: R2|H1:77/50|H2:88/35|C1:0/0|C2:2/0|L:P1 Defesa0, P2 Skill30, dano final 15 e 0
[2025-11-14 02:06:31] TX: T1
[2025-11-14 02:06:51] Timeout para jogador 1, defesa aplicada
[2025-11-14 02:07:06] RX[2]: M12A
[2025-11-14 02:07:06] RX[2]: M12A (colocando na fila)
[2025-11-14 02:07:06] Mensagem M12A colocada na fila do cliente 2
[2025-11-14 02:07:06] TX: R1|H1:73/50|H2:88/35|C1:0/0|C2:1/0|L:P1 Defesa0, P2 Ataque8, dano final 4 e 0
[2025-11-14 02:07:06] TX: T2
[2025-11-14 02:07:06] RX[1]: M11A
[2025-11-14 02:07:06] RX[1]: M11A (colocando na fila)
[2025-11-14 02:07:06] Mensagem M11A colocada na fila do cliente 1
[2025-11-14 02:07:20] RX[2]: M22A
[2025-11-14 02:07:20] RX[2]: M22A (colocando na fila)
[2025-11-14 02:07:20] Mensagem M22A colocada na fila do cliente 2
[2025-11-14 02:07:20] TX: R2|H1:69/50|H2:88/35|C1:0/0|C2:0/0|L:P1 Defesa0, P2 Ataque8, dano final 4 e 0
[2025-11-14 02:07:20] TX: T1
[2025-11-14 02:07:29] RX[1]: M11A
[2025-11-14 02:07:29] RX[1]: M11A (colocando na fila)
[2025-11-14 02:07:29] Mensagem M11A colocada na fila do cliente 1
[2025-11-14 02:07:34] RX[2]: M12A
[2025-11-14 02:07:34] RX[2]: M12A (colocando na fila)
[2025-11-14 02:07:34] Mensagem M12A colocada na fila do cliente 2
[2025-11-14 02:07:34] TX: R1|H1:61/50|H2:76/35|C1:0/0|C2:0/0|L:P1 Ataque12, P2 Ataque8, dano final 8 e 12
[2025-11-14 02:07:34] TX: T2
[2025-11-14 02:07:46] RX[1]: M21S0
[2025-11-14 02:07:46] RX[1]: M21S0 (colocando na fila)
[2025-11-14 02:07:46] Mensagem M21S0 colocada na fila do cliente 1
[2025-11-14 02:08:06] Timeout para jogador 2, defesa aplicada
[2025-11-14 02:08:06] TX: R2|H1:61/40|H2:61/35|C1:2/0|C2:0/0|L:P1 Skill25, P2 Defesa0, dano final 0 e 15
[2025-11-14 02:08:06] TX: T1
[2025-11-14 02:08:20] RX[1]: M11S0
[2025-11-14 02:08:20] RX[1]: M11S0 (colocando na fila)
[2025-11-14 02:08:20] Mensagem M11S0 colocada na fila do cliente 1
[2025-11-14 02:08:20] RX[2]: M12H0
[2025-11-14 02:08:20] RX[2]: M12H0 (colocando na fila)
[2025-11-14 02:08:20] Mensagem M12H0 colocada na fila do cliente 2
[2025-11-14 02:08:20] TX: R1|H1:61/40|H2:67/23|C1:1/0|C2:0/2|L:P1 Ataque12, P2 Cura18, dano final 0 e 12
[2025-11-14 02:08:20] TX: T2
[2025-11-14 02:08:41] Timeout para jogador 1, defesa aplicada
[2025-11-14 02:08:41] RX[2]: M22H0
[2025-11-14 02:08:41] RX[2]: M22H0 (colocando na fila)
[2025-11-14 02:08:41] Mensagem M22H0 colocada na fila do cliente 2
[2025-11-14 02:08:41] TX: R2|H1:57/40|H2:67/23|C1:0/0|C2:0/1|L:P1 Defesa0, P2 Ataque8, dano final 4 e 0
[2025-11-14 02:08:41] TX: T1
[2025-11-14 02:09:01] Timeout para jogador 1, defesa aplicada
[2025-11-14 02:09:07] RX[2]: M12H0
[2025-11-14 02:09:07] RX[2]: M12H0 (colocando na fila)
[2025-11-14 02:09:07] Mensagem M12H0 colocada na fila do cliente 2
[2025-11-14 02:09:07] TX: R1|H1:57/40|H2:85/11|C1:0/0|C2:0/2|L:P1 Defesa0, P2 Cura18, dano final 0 e 0
[2025-11-14 02:09:07] TX: T2
[2025-11-14 02:09:07] RX[1]: M11A
[2025-11-14 02:09:07] RX[1]: M11A (colocando na fila)
[2025-11-14 02:09:07] Mensagem M11A colocada na fila do cliente 1
[2025-11-14 02:09:22] RX[2]: M22A
[2025-11-14 02:09:22] RX[2]: M22A (colocando na fila)
[2025-11-14 02:09:22] Mensagem M22A colocada na fila do cliente 2
[2025-11-14 02:09:22] TX: R2|H1:53/40|H2:85/11|C1:0/0|C2:0/1|L:P1 Defesa0, P2 Ataque8, dano final 4 e 0
[2025-11-14 02:09:22] TX: T1
[2025-11-14 02:09:26] RX[1]: M11A
[2025-11-14 02:09:26] RX[1]: M11A (colocando na fila)
[2025-11-14 02:09:26] Mensagem M11A colocada na fila do cliente 1
[2025-11-14 02:09:33] RX[2]: M12A
[2025-11-14 02:09:33] RX[2]: M12A (colocando na fila)
[2025-11-14 02:09:33] Mensagem M12A colocada na fila do cliente 2
[2025-11-14 02:09:33] TX: R1|H1:45/40|H2:73/11|C1:0/0|C2:0/0|L:P1 Ataque12, P2 Ataque8, dano final 8 e 12
[2025-11-14 02:09:33] TX: T2
[2025-11-14 02:09:38] RX[1]: M21A
[2025-11-14 02:09:38] RX[1]: M21A (colocando na fila)
[2025-11-14 02:09:38] Mensagem M21A colocada na fila do cliente 1
[2025-11-14 02:09:42] RX[2]: M22A
[2025-11-14 02:09:42] RX[2]: M22A (colocando na fila)
[2025-11-14 02:09:42] Mensagem M22A colocada na fila do cliente 2
[2025-11-14 02:09:42] TX: R2|H1:37/40|H2:61/11|C1:0/0|C2:0/0|L:P1 Ataque12, P2 Ataque8, dano final 8 e 12
[2025-11-14 02:09:42] TX: T1
[2025-11-14 02:09:48] RX[1]: M11A
[2025-11-14 02:09:48] RX[1]: M11A (colocando na fila)
[2025-11-14 02:09:48] Mensagem M11A colocada na fila do cliente 1
[2025-11-14 02:09:52] RX[2]: M12A
[2025-11-14 02:09:52] RX[2]: M12A (colocando na fila)
[2025-11-14 02:09:52] Mensagem M12A colocada na fila do cliente 2
[2025-11-14 02:09:52] TX: R1|H1:29/40|H2:49/11|C1:0/0|C2:0/0|L:P1 Ataque12, P2 Ataque8, dano final 8 e 12
[2025-11-14 02:09:52] TX: T2
[2025-11-14 02:09:57] RX[1]: M21A
[2025-11-14 02:09:57] RX[1]: M21A (colocando na fila)
[2025-11-14 02:09:57] Mensagem M21A colocada na fila do cliente 1
[2025-11-14 02:10:01] RX[2]: M22A
[2025-11-14 02:10:01] RX[2]: M22A (colocando na fila)
[2025-11-14 02:10:01] Mensagem M22A colocada na fila do cliente 2
[2025-11-14 02:10:01] TX: R2|H1:21/40|H2:37/11|C1:0/0|C2:0/0|L:P1 Ataque12, P2 Ataque8, dano final 8 e 12
[2025-11-14 02:10:01] TX: T1
[2025-11-14 02:10:17] RX[1]: G
[2025-11-14 02:10:21] Timeout para jogador 1, defesa aplicada
[2025-11-14 02:10:21] RX[2]: G
[2025-11-14 02:10:41] Timeout para jogador 2, defesa aplicada
[2025-11-14 02:10:41] TX: R1|H1:21/40|H2:37/11|C1:0/0|C2:0/0|L:P1 Defesa0, P2 Defesa0, dano final 0 e 0
[2025-11-14 02:10:41] TX: T2
[2025-11-14 02:10:57] RX[1]: M21A
[2025-11-14 02:10:57] RX[1]: M21A (colocando na fila)
[2025-11-14 02:10:57] Mensagem M21A colocada na fila do cliente 1
[2025-11-14 02:10:57] RX[2]: M22A
[2025-11-14 02:10:57] RX[2]: M22A (colocando na fila)
[2025-11-14 02:10:57] Mensagem M22A colocada na fila do cliente 2
[2025-11-14 02:10:57] TX: R2|H1:13/40|H2:25/11|C1:0/0|C2:0/0|L:P1 Ataque12, P2 Ataque8, dano final 8 e 12
[2025-11-14 02:10:57] TX: T1
[2025-11-14 02:11:06] RX[1]: M11D
[2025-11-14 02:11:06] RX[1]: M11D (colocando na fila)
[2025-11-14 02:11:06] Mensagem M11D colocada na fila do cliente 1
[2025-11-14 02:11:10] RX[2]: M12A
[2025-11-14 02:11:10] RX[2]: M12A (colocando na fila)
[2025-11-14 02:11:10] Mensagem M12A colocada na fila do cliente 2
[2025-11-14 02:11:10] TX: R1|H1:9/40|H2:25/11|C1:0/0|C2:0/0|L:P1 Defesa0, P2 Ataque8, dano final 4 e 0
[2025-11-14 02:11:10] TX: T2
[2025-11-14 02:11:17] RX[1]: M21D
[2025-11-14 02:11:17] RX[1]: M21D (colocando na fila)
[2025-11-14 02:11:17] Mensagem M21D colocada na fila do cliente 1
[2025-11-14 02:11:22] RX[2]: M22D
[2025-11-14 02:11:22] RX[2]: M22D (colocando na fila)
[2025-11-14 02:11:22] Mensagem M22D colocada na fila do cliente 2
[2025-11-14 02:11:22] TX: R2|H1:9/40|H2:25/11|C1:0/0|C2:0/0|L:P1 Defesa0, P2 Defesa0, dano final 0 e 0
[2025-11-14 02:11:22] TX: T1
[2025-11-14 02:11:27] RX[1]: M11A
[2025-11-14 02:11:27] RX[1]: M11A (colocando na fila)
[2025-11-14 02:11:27] Mensagem M11A colocada na fila do cliente 1
[2025-11-14 02:11:32] RX[2]: M12A
[2025-11-14 02:11:32] RX[2]: M12A (colocando na fila)
[2025-11-14 02:11:32] Mensagem M12A colocada na fila do cliente 2
[2025-11-14 02:11:32] TX: R1|H1:1/40|H2:13/11|C1:0/0|C2:0/0|L:P1 Ataque12, P2 Ataque8, dano final 8 e 12
[2025-11-14 02:11:32] TX: T2
[2025-11-14 02:11:39] RX[1]: M21A
[2025-11-14 02:11:39] RX[1]: M21A (colocando na fila)
[2025-11-14 02:11:39] Mensagem M21A colocada na fila do cliente 1
[2025-11-14 02:11:42] RX[2]: M22A
[2025-11-14 02:11:42] RX[2]: M22A (colocando na fila)
[2025-11-14 02:11:42] Mensagem M22A colocada na fila do cliente 2
[2025-11-14 02:11:42] TX: R2|H1:0/40|H2:1/11|C1:0/0|C2:0/0|L:P1 Ataque12, P2 Ataque8, dano final 8 e 12
[2025-11-14 02:11:42] TX: E2|reason:Jogador 1 caiu
[2025-11-14 02:11:42] Partida encerrada
[2025-11-14 02:11:42] Gerenciador de partida iniciado
[2025-11-14 02:11:42] Aguardando seleção de classe do jogador 1
[2025-11-14 02:11:42] Cliente 1 desconectado
[2025-11-14 02:11:42] Mensagem recebida da fila do cliente 1: Q
[2025-11-14 02:11:42] Jogador 1 saiu durante seleção de classe
[2025-11-14 02:11:42] Jogador 1 não selecionou classe
[2025-11-14 02:11:42] Cliente 2 desconectado
[2025-11-14 22:13:27] Servidor iniciado na porta 5050
[2025-11-14 22:14:00] Gerenciador de partida iniciado
[2025-11-14 22:14:00] Aguardando seleção de classe do jogador 1
[2025-11-14 22:14:09] RX[1]: J1G
[2025-11-14 22:14:09] RX[1]: J1G (colocando na fila)
[2025-11-14 22:14:09] Mensagem J1G colocada na fila do cliente 1
[2025-11-14 22:14:09] Mensagem recebida da fila do cliente 1: J1G
[2025-11-14 22:14:09] Jogador 1 selecionou classe 0
[2025-11-14 22:14:09] Aguardando seleção de classe do jogador 2
[2025-11-14 22:14:16] RX[2]: J2M
[2025-11-14 22:14:16] RX[2]: J2M (colocando na fila)
[2025-11-14 22:14:16] Mensagem J2M colocada na fila do cliente 2
[2025-11-14 22:14:16] Mensagem recebida da fila do cliente 2: J2M
[2025-11-14 22:14:16] Jogador 2 selecionou classe 1
[2025-11-14 22:14:16] TX: T1
[2025-11-14 22:14:24] RX[1]: M11A
[2025-11-14 22:14:24] RX[1]: M11A (colocando na fila)
[2025-11-14 22:14:24] Mensagem M11A colocada na fila do cliente 1
[2025-11-14 22:14:28] RX[2]: M12A
[2025-11-14 22:14:28] RX[2]: M12A (colocando na fila)
[2025-11-14 22:14:28] Mensagem M12A colocada na fila do cliente 2
[2025-11-14 22:14:28] TX: R1|H1:92/50|H2:88/50|C1:0/0|C2:0/0|L:P1 Ataque12, P2 Ataque8, dano final 8 e 12
[2025-11-14 22:14:28] TX: T2
[2025-11-14 22:14:48] Timeout para jogador 1, defesa aplicada
[2025-11-14 22:14:55] RX[2]: M22A
[2025-11-14 22:14:55] RX[2]: M22A (colocando na fila)
[2025-11-14 22:14:55] Mensagem M22A colocada na fila do cliente 2
[2025-11-14 22:14:55] TX: R2|H1:88/50|H2:88/50|C1:0/0|C2:0/0|L:P1 Defesa0, P2 Ataque8, dano final 4 e 0
[2025-11-14 22:14:55] TX: T1
[2025-11-14 22:14:55] RX[1]: M21A
[2025-11-14 22:14:55] RX[1]: M21A (colocando na fila)
[2025-11-14 22:14:55] Mensagem M21A colocada na fila do cliente 1
[2025-11-14 22:15:00] RX[2]: M12A
[2025-11-14 22:15:00] RX[2]: M12A (colocando na fila)
[2025-11-14 22:15:00] Mensagem M12A colocada na fila do cliente 2
[2025-11-14 22:15:00] TX: R1|H1:84/50|H2:88/50|C1:0/0|C2:0/0|L:P1 Defesa0, P2 Ataque8, dano final 4 e 0
[2025-11-14 22:15:00] TX: T2
[2025-11-14 22:15:07] RX[1]: M21A
[2025-11-14 22:15:07] RX[1]: M21A (colocando na fila)
[2025-11-14 22:15:07] Mensagem M21A colocada na fila do cliente 1
[2025-11-14 22:15:07] RX[2]: M22A
[2025-11-14 22:15:07] RX[2]: M22A (colocando na fila)
[2025-11-14 22:15:07] Mensagem M22A colocada na fila do cliente 2
[2025-11-14 22:15:07] TX: R2|H1:76/50|H2:76/50|C1:0/0|C2:0/0|L:P1 Ataque12, P2 Ataque8, dano final 8 e 12
[2025-11-14 22:15:07] TX: T1
[2025-11-14 22:15:20] RX[1]: M11D
[2025-11-14 22:15:20] RX[1]: M11D (colocando na fila)
[2025-11-14 22:15:20] Mensagem M11D colocada na fila do cliente 1
[2025-11-14 22:15:20] RX[2]: M12A
[2025-11-14 22:15:20] RX[2]: M12A (colocando na fila)
[2025-11-14 22:15:20] Mensagem M12A colocada na fila do cliente 2
[2025-11-14 22:15:20] TX: R1|H1:72/50|H2:76/50|C1:0/0|C2:0/0|L:P1 Defesa0, P2 Ataque8, dano final 4 e 0
[2025-11-14 22:15:20] TX: T2
[2025-11-14 22:15:40] Timeout para jogador 1, defesa aplicada
[2025-11-14 22:15:42] Cliente 2 desconectado
[2025-11-14 22:15:42] Jogador 2 saiu
[2025-11-14 22:15:42] Falha ao obter comando do jogador 2
[2025-11-14 22:15:42] TX: E1|reason:Jogador 2 desconectou
[2025-11-14 22:15:42] Partida encerrada
[2025-11-14 22:15:44] Cliente 1 desconectado
[2025-11-14 22:20:24] Servidor iniciado na porta 5050
[2025-11-14 22:21:48] Gerenciador de partida iniciado
[2025-11-14 22:21:48] Aguardando seleção de classe do jogador 1
[2025-11-14 22:22:01] RX[1]: J1M
[2025-11-14 22:22:01] RX[1]: J1M (colocando na fila)
[2025-11-14 22:22:01] Mensagem J1M colocada na fila do cliente 1
[2025-11-14 22:22:01] Mensagem recebida da fila do cliente 1: J1M
[2025-11-14 22:22:01] Jogador 1 selecionou classe 1
[2025-11-14 22:22:01] Aguardando seleção de classe do jogador 2
[2025-11-14 22:22:01] RX[2]: J2G
[2025-11-14 22:22:01] RX[2]: J2G (colocando na fila)
[2025-11-14 22:22:01] Mensagem J2G colocada na fila do cliente 2
[2025-11-14 22:22:01] Mensagem recebida da fila do cliente 2: J2G
[2025-11-14 22:22:01] Jogador 2 selecionou classe 0
[2025-11-14 22:22:01] TX: T1
[2025-11-14 22:22:10] RX[1]: Q1
[2025-11-14 22:22:10] Cliente 1 solicitou saida
[2025-11-14 22:22:10] Jogador 1 saiu
[2025-11-14 22:22:10] Falha ao obter comando do jogador 1
[2025-11-14 22:22:10] TX: E2|reason:Jogador 1 desconectou
[2025-11-14 22:22:10] Partida encerrada
[2025-11-14 22:22:10] Cliente 2 desconectado
